2020-06-16 17:57:58.736: Dataset name: gowalla
The number of users: 29858
The number of items: 40981
The number of ratings: 1027370
Average actions of users: 34.41
Average actions of items: 25.07
The sparsity of the dataset: 99.916038%
2020-06-16 17:57:58.737: 

NeuRec hyperparameters:
recommender=MF
config_dir=./conf
gpu_id=0
gpu_mem=0.5
data.input.path=dataset
data.input.dataset=gowalla
data.column.format=UI
data.convert.separator=','
user_min=0
item_min=0
splitter=given
ratio=0.8
by_time=False
metric=["Precision", "Recall", "NDCG", "MAP", "MRR"]
topk=[10, 20]
group_view=None
rec.evaluate.neg=0
test_batch_size=128
num_thread=8

MF's hyperparameters:
epochs=300
batch_size=512
embedding_size=64
reg_mf=0.0
learning_rate=0.001
learner=adam
num_negatives=1
is_pairwise=True
loss_function=bpr
init_method=normal
stddev=0.01
verbose=1

2020-06-16 17:57:59.124: metrics:	Precision@10	Precision@20	Recall@10   	Recall@20   	NDCG@10     	NDCG@20     	MAP@10      	MAP@20      	MRR@10      	MRR@20      
2020-06-16 17:59:08.007: [iter 1 : loss : 0.635689, time: 66.495334]
2020-06-16 17:59:14.090: epoch 1:	0.03487653  	0.02557562  	0.05087008  	0.07472843  	0.06041210  	0.06636706  	0.13027494  	0.12577255  	0.13943914  	0.14469872  
2020-06-16 17:59:20.546: epoch 1:	0.03487653  	0.02557562  	0.05087008  	0.07472843  	0.06041210  	0.06636706  	0.13027494  	0.12577255  	0.13943914  	0.14469872  
