2020-06-16 16:50:36.613: Dataset name: gowalla
The number of users: 29858
The number of items: 40981
The number of ratings: 1027370
Average actions of users: 34.41
Average actions of items: 25.07
The sparsity of the dataset: 99.916038%
2020-06-16 16:50:36.613: 

NeuRec hyperparameters:
recommender=MF
config_dir=./conf
gpu_id=0
gpu_mem=0.5
data.input.path=dataset
data.input.dataset=gowalla
data.column.format=UI
data.convert.separator=','
user_min=0
item_min=0
splitter=given
ratio=0.8
by_time=False
metric=["Precision", "Recall", "NDCG", "MAP", "MRR"]
topk=[10, 20]
group_view=None
rec.evaluate.neg=0
test_batch_size=128
num_thread=8

MF's hyperparameters:
epochs=300
batch_size=512
embedding_size=64
reg_mf=0.0
learning_rate=0.001
learner=adam
num_negatives=1
is_pairwise=True
loss_function=bpr
init_method=normal
stddev=0.01
verbose=1

2020-06-16 16:50:36.956: metrics:	Precision@10	Precision@20	Recall@10   	Recall@20   	NDCG@10     	NDCG@20     	MAP@10      	MAP@20      	MRR@10      	MRR@20      
2020-06-16 16:51:51.811: [iter 1 : loss : 0.637153, time: 72.408673]
2020-06-16 16:51:57.768: epoch 1:	0.03458849  	0.02509843  	0.05041464  	0.07331374  	0.05830031  	0.06399675  	0.12243511  	0.11846198  	0.13088457  	0.13575014  
2020-06-16 16:53:05.917: [iter 2 : loss : 0.348582, time: 68.147998]
2020-06-16 16:53:12.423: epoch 2:	0.04639244  	0.03335140  	0.07226758  	0.10269456  	0.08241901  	0.09025045  	0.16836339  	0.16199654  	0.18120179  	0.18708622  
2020-06-16 16:54:21.676: [iter 3 : loss : 0.192297, time: 69.252031]
2020-06-16 16:54:28.056: epoch 3:	0.04946305  	0.03546527  	0.07888696  	0.11173473  	0.08940579  	0.09793241  	0.18248579  	0.17499778  	0.19715002  	0.20329212  
2020-06-16 16:55:35.273: [iter 4 : loss : 0.128700, time: 67.215891]
2020-06-16 16:55:41.385: epoch 4:	0.05100009  	0.03657101  	0.08174951  	0.11548305  	0.09293634  	0.10170660  	0.18988542  	0.18073621  	0.20462261  	0.21071362  
2020-06-16 16:56:55.313: [iter 5 : loss : 0.097478, time: 73.927423]
2020-06-16 16:57:02.024: epoch 5:	0.05171333  	0.03703676  	0.08330097  	0.11774903  	0.09422916  	0.10323991  	0.19118442  	0.18314992  	0.20653261  	0.21286108  
2020-06-16 16:58:13.189: [iter 6 : loss : 0.080068, time: 71.164150]
2020-06-16 16:58:19.636: epoch 6:	0.05277814  	0.03736685  	0.08493000  	0.11887628  	0.09543082  	0.10408871  	0.19270165  	0.18384188  	0.20775904  	0.21368457  
2020-06-16 16:59:28.121: [iter 7 : loss : 0.068092, time: 68.484098]
2020-06-16 16:59:34.265: epoch 7:	0.05330389  	0.03819608  	0.08585002  	0.12118755  	0.09591175  	0.10527528  	0.19296721  	0.18345846  	0.20825756  	0.21448737  
2020-06-16 17:00:41.565: [iter 8 : loss : 0.060262, time: 67.299354]
2020-06-16 17:00:47.637: epoch 8:	0.05323029  	0.03847430  	0.08530222  	0.12209520  	0.09544407  	0.10532556  	0.19146267  	0.18272674  	0.20654191  	0.21301368  
2020-06-16 17:01:57.307: [iter 9 : loss : 0.054947, time: 69.669322]
2020-06-16 17:02:03.811: epoch 9:	0.05348475  	0.03843235  	0.08553484  	0.12218662  	0.09497257  	0.10469935  	0.18879473  	0.18091039  	0.20404650  	0.21045062  
2020-06-16 17:03:15.048: [iter 10 : loss : 0.050588, time: 71.235750]
2020-06-16 17:03:21.409: epoch 10:	0.05428844  	0.03897347  	0.08689898  	0.12381259  	0.09575227  	0.10565779  	0.18842483  	0.18069524  	0.20318604  	0.20965511  
2020-06-16 17:04:24.787: [iter 11 : loss : 0.047424, time: 63.376644]
2020-06-16 17:04:31.532: epoch 11:	0.05443911  	0.03891319  	0.08741099  	0.12342656  	0.09632549  	0.10587398  	0.19007383  	0.18272956  	0.20548710  	0.21189326  
2020-06-16 17:05:39.635: [iter 12 : loss : 0.043906, time: 68.102843]
2020-06-16 17:05:45.817: epoch 12:	0.05422821  	0.03907232  	0.08722274  	0.12448906  	0.09616791  	0.10626895  	0.19026127  	0.18233699  	0.20564584  	0.21224035  
2020-06-16 17:06:55.790: [iter 13 : loss : 0.041608, time: 69.972118]
2020-06-16 17:07:02.507: epoch 13:	0.05420136  	0.03910914  	0.08746897  	0.12444244  	0.09634572  	0.10638975  	0.19079448  	0.18320717  	0.20631914  	0.21290989  
2020-06-16 17:08:13.454: [iter 14 : loss : 0.039548, time: 70.945830]
2020-06-16 17:08:19.594: epoch 14:	0.05380614  	0.03880421  	0.08680654  	0.12367959  	0.09547327  	0.10551030  	0.18964918  	0.18185607  	0.20457993  	0.21115734  
2020-06-16 17:09:28.407: [iter 15 : loss : 0.038053, time: 68.812344]
2020-06-16 17:09:34.730: epoch 15:	0.05388648  	0.03884446  	0.08662136  	0.12353556  	0.09417588  	0.10428519  	0.18457405  	0.17711283  	0.19905786  	0.20552611  
2020-06-16 17:10:45.086: [iter 16 : loss : 0.035883, time: 70.354976]
2020-06-16 17:10:50.966: epoch 16:	0.05383295  	0.03885617  	0.08695745  	0.12400386  	0.09373249  	0.10391840  	0.18275459  	0.17566739  	0.19743587  	0.20397541  
2020-06-16 17:11:57.538: [iter 17 : loss : 0.034782, time: 66.571199]
2020-06-16 17:12:04.225: epoch 17:	0.05359185  	0.03886796  	0.08663186  	0.12375411  	0.09422860  	0.10448100  	0.18557023  	0.17831691  	0.20015980  	0.20687352  
2020-06-16 17:13:13.470: [iter 18 : loss : 0.033049, time: 69.244185]
2020-06-16 17:13:19.369: epoch 18:	0.05368897  	0.03861161  	0.08672407  	0.12344386  	0.09458940  	0.10461454  	0.18626875  	0.17867860  	0.20054232  	0.20704541  
2020-06-16 17:14:29.605: [iter 19 : loss : 0.031603, time: 70.235582]
2020-06-16 17:14:36.293: epoch 19:	0.05358528  	0.03872391  	0.08617085  	0.12342864  	0.09443979  	0.10470597  	0.18613534  	0.17844352  	0.20067850  	0.20725001  
2020-06-16 17:15:42.648: [iter 20 : loss : 0.030850, time: 66.353181]
2020-06-16 17:15:48.752: epoch 20:	0.05358182  	0.03881937  	0.08626284  	0.12376982  	0.09432039  	0.10468563  	0.18535104  	0.17754833  	0.19988668  	0.20639025  
2020-06-16 17:16:54.578: [iter 21 : loss : 0.029547, time: 65.825917]
2020-06-16 17:17:01.232: epoch 21:	0.05363214  	0.03903045  	0.08678309  	0.12499194  	0.09439104  	0.10508297  	0.18480274  	0.17774957  	0.19954666  	0.20634486  
2020-06-16 17:18:11.989: [iter 22 : loss : 0.028465, time: 70.756800]
2020-06-16 17:18:18.624: epoch 22:	0.05331068  	0.03882432  	0.08636889  	0.12433855  	0.09290499  	0.10363169  	0.18088843  	0.17426261  	0.19494569  	0.20169377  
2020-06-16 17:19:27.876: [iter 23 : loss : 0.027544, time: 69.251968]
2020-06-16 17:19:34.061: epoch 23:	0.05330061  	0.03873564  	0.08604712  	0.12394983  	0.09401651  	0.10459822  	0.18510212  	0.17798185  	0.19900246  	0.20574747  
2020-06-16 17:20:45.827: [iter 24 : loss : 0.026990, time: 71.765956]
2020-06-16 17:20:51.970: epoch 24:	0.05380961  	0.03920637  	0.08686467  	0.12547819  	0.09297706  	0.10392582  	0.18003416  	0.17332588  	0.19390373  	0.20084625  
2020-06-16 17:22:01.703: [iter 25 : loss : 0.025751, time: 69.732487]
