2020-06-16 17:55:37.287: Dataset name: gowalla
The number of users: 29858
The number of items: 40981
The number of ratings: 1027370
Average actions of users: 34.41
Average actions of items: 25.07
The sparsity of the dataset: 99.916038%
2020-06-16 17:55:37.288: 

NeuRec hyperparameters:
recommender=MF
config_dir=./conf
gpu_id=0
gpu_mem=0.5
data.input.path=dataset
data.input.dataset=gowalla
data.column.format=UI
data.convert.separator=','
user_min=0
item_min=0
splitter=given
ratio=0.8
by_time=False
metric=["Precision", "Recall", "NDCG", "MAP", "MRR"]
topk=[10, 20]
group_view=None
rec.evaluate.neg=0
test_batch_size=128
num_thread=8

MF's hyperparameters:
epochs=300
batch_size=512
embedding_size=64
reg_mf=0.0
learning_rate=0.001
learner=adam
num_negatives=1
is_pairwise=True
loss_function=bpr
init_method=normal
stddev=0.01
verbose=1

2020-06-16 17:55:37.586: metrics:	Precision@10	Precision@20	Recall@10   	Recall@20   	NDCG@10     	NDCG@20     	MAP@10      	MAP@20      	MRR@10      	MRR@20      
2020-06-16 17:56:54.226: [iter 1 : loss : 0.635745, time: 74.166201]
2020-06-16 17:57:00.907: epoch 1:	0.03486647  	0.02520392  	0.05046470  	0.07350520  	0.06021169  	0.06565116  	0.12962051  	0.12540393  	0.13852845  	0.14353742  
