2020-07-24 06:59:20.530: Dataset name: ml-25m_3year
The number of users: 27318
The number of items: 46362
The number of ratings: 3924093
Average actions of users: 143.64
Average actions of items: 84.64
The sparsity of the dataset: 99.690167%
2020-07-24 06:59:20.530: 

NeuRec hyperparameters:
recommender=FISM
config_dir=/ghome/yujr/NeuRec/conf
gpu_id=0
gpu_mem=0.5
data.input.path=/ghome/yujr/NeuRec/dataset
data.input.dataset=ml-25m_3year
data.column.format=UIRT
data.convert.separator=','
user_min=0
item_min=0
splitter=given
ratio=0.8
by_time=False
metric=["Precision", "Recall", "NDCG", "MAP", "MRR"]
topk=[10, 20]
group_view=None
rec.evaluate.neg=0
test_batch_size=128
num_thread=8

FISM's hyperparameters:
epochs=100
batch_size=1024
embedding_size=64
gamma=0.0001
lambda=0.0001
alpha=0.5
learning_rate=0.001
learner=adam
is_pairwise=False
num_neg=4
loss_function=cross_entropy
init_method=normal
stddev=0.01
verbose=10

2020-07-24 06:59:22.538: metrics:	Precision@10	Precision@20	Recall@10   	Recall@20   	NDCG@10     	NDCG@20     	MAP@10      	MAP@20      	MRR@10      	MRR@20      
2020-07-24 06:59:40.538: 0
2020-07-24 06:59:42.057: 10
2020-07-24 06:59:43.517: 20
2020-07-24 06:59:44.913: 30
2020-07-24 06:59:46.293: 40
2020-07-24 06:59:47.674: 50
2020-07-24 06:59:49.029: 60
2020-07-24 06:59:50.405: 70
2020-07-24 06:59:51.772: 80
2020-07-24 06:59:53.109: 90
2020-07-24 06:59:54.403: 100
2020-07-24 06:59:55.772: 110
2020-07-24 06:59:57.200: 120
2020-07-24 06:59:58.610: 130
2020-07-24 07:00:00.014: 140
2020-07-24 07:00:01.390: 150
2020-07-24 07:00:02.762: 160
2020-07-24 07:00:04.110: 170
2020-07-24 07:00:05.477: 180
2020-07-24 07:00:06.817: 190
2020-07-24 07:00:08.142: 200
2020-07-24 07:00:09.476: 210
2020-07-24 07:00:10.788: 220
2020-07-24 07:00:12.179: 230
2020-07-24 07:00:13.526: 240
2020-07-24 07:00:14.911: 250
2020-07-24 07:00:16.317: 260
2020-07-24 07:00:17.718: 270
2020-07-24 07:00:19.064: 280
2020-07-24 07:00:20.457: 290
2020-07-24 07:00:21.866: 300
2020-07-24 07:00:23.248: 310
2020-07-24 07:00:24.585: 320
2020-07-24 07:00:25.893: 330
2020-07-24 07:00:27.199: 340
2020-07-24 07:00:28.538: 350
2020-07-24 07:00:29.856: 360
2020-07-24 07:00:31.219: 370
2020-07-24 07:00:32.626: 380
2020-07-24 07:00:34.041: 390
2020-07-24 07:00:35.391: 400
2020-07-24 07:00:36.777: 410
2020-07-24 07:00:38.130: 420
2020-07-24 07:00:39.424: 430
2020-07-24 07:00:40.777: 440
2020-07-24 07:00:42.077: 450
2020-07-24 07:00:43.366: 460
2020-07-24 07:00:45.569: 470
2020-07-24 07:00:46.939: 480
2020-07-24 07:00:48.287: 490
2020-07-24 07:00:49.672: 500
2020-07-24 07:00:51.022: 510
2020-07-24 07:00:52.443: 520
2020-07-24 07:00:53.802: 530
2020-07-24 07:00:55.123: 540
2020-07-24 07:00:56.457: 550
2020-07-24 07:00:57.817: 560
2020-07-24 07:00:59.198: 570
2020-07-24 07:01:00.542: 580
2020-07-24 07:01:01.902: 590
2020-07-24 07:01:03.204: 600
2020-07-24 07:01:04.544: 610
2020-07-24 07:01:05.842: 620
2020-07-24 07:01:07.149: 630
2020-07-24 07:01:08.471: 640
2020-07-24 07:01:09.843: 650
2020-07-24 07:01:11.255: 660
2020-07-24 07:01:12.623: 670
2020-07-24 07:01:14.034: 680
2020-07-24 07:01:15.453: 690
2020-07-24 07:01:16.796: 700
2020-07-24 07:01:18.133: 710
2020-07-24 07:01:19.429: 720
2020-07-24 07:01:20.723: 730
2020-07-24 07:01:22.045: 740
2020-07-24 07:01:23.452: 750
2020-07-24 07:01:25.640: 760
2020-07-24 07:01:27.040: 770
2020-07-24 07:01:28.447: 780
2020-07-24 07:01:29.825: 790
2020-07-24 07:01:31.181: 800
2020-07-24 07:01:32.486: 810
2020-07-24 07:01:33.795: 820
2020-07-24 07:01:35.118: 830
2020-07-24 07:01:36.421: 840
2020-07-24 07:01:37.755: 850
2020-07-24 07:01:39.093: 860
2020-07-24 07:01:40.518: 870
2020-07-24 07:01:41.903: 880
2020-07-24 07:01:43.254: 890
2020-07-24 07:01:44.587: 900
2020-07-24 07:01:45.874: 910
2020-07-24 07:01:47.167: 920
2020-07-24 07:01:48.500: 930
2020-07-24 07:01:49.811: 940
2020-07-24 07:01:51.182: 950
2020-07-24 07:01:52.600: 960
2020-07-24 07:01:53.978: 970
2020-07-24 07:01:55.390: 980
2020-07-24 07:01:56.760: 990
2020-07-24 07:01:58.105: 1000
2020-07-24 07:01:59.470: 1010
2020-07-24 07:02:00.813: 1020
2020-07-24 07:02:02.146: 1030
2020-07-24 07:02:03.498: 1040
2020-07-24 07:02:04.890: 1050
2020-07-24 07:02:06.220: 1060
2020-07-24 07:02:07.571: 1070
2020-07-24 07:02:08.974: 1080
2020-07-24 07:02:10.332: 1090
2020-07-24 07:02:11.674: 1100
2020-07-24 07:02:12.978: 1110
2020-07-24 07:02:14.273: 1120
2020-07-24 07:02:15.593: 1130
2020-07-24 07:02:16.928: 1140
2020-07-24 07:02:18.234: 1150
2020-07-24 07:02:19.588: 1160
2020-07-24 07:02:21.000: 1170
2020-07-24 07:02:22.374: 1180
2020-07-24 07:02:23.724: 1190
2020-07-24 07:02:25.054: 1200
2020-07-24 07:02:26.404: 1210
2020-07-24 07:02:27.722: 1220
2020-07-24 07:02:29.034: 1230
2020-07-24 07:02:30.363: 1240
2020-07-24 07:02:31.666: 1250
2020-07-24 07:02:33.008: 1260
2020-07-24 07:02:34.318: 1270
2020-07-24 07:02:35.639: 1280
2020-07-24 07:02:37.061: 1290
2020-07-24 07:02:39.283: 1300
2020-07-24 07:02:40.613: 1310
2020-07-24 07:02:41.982: 1320
2020-07-24 07:02:43.362: 1330
2020-07-24 07:02:44.715: 1340
2020-07-24 07:02:46.087: 1350
2020-07-24 07:02:47.473: 1360
2020-07-24 07:02:48.808: 1370
2020-07-24 07:02:50.160: 1380
2020-07-24 07:02:51.478: 1390
2020-07-24 07:02:52.820: 1400
2020-07-24 07:02:54.138: 1410
2020-07-24 07:02:55.518: 1420
2020-07-24 07:02:56.930: 1430
2020-07-24 07:02:58.296: 1440
2020-07-24 07:02:59.677: 1450
2020-07-24 07:03:01.050: 1460
2020-07-24 07:03:02.454: 1470
2020-07-24 07:03:03.818: 1480
2020-07-24 07:03:05.204: 1490
2020-07-24 07:03:06.567: 1500
2020-07-24 07:03:07.921: 1510
2020-07-24 07:03:09.261: 1520
2020-07-24 07:03:10.616: 1530
2020-07-24 07:03:11.984: 1540
2020-07-24 07:03:13.370: 1550
2020-07-24 07:03:14.743: 1560
2020-07-24 07:03:16.047: 1570
2020-07-24 07:03:17.462: 1580
2020-07-24 07:03:18.856: 1590
2020-07-24 07:03:21.045: 1600
2020-07-24 07:03:22.365: 1610
2020-07-24 07:03:23.713: 1620
2020-07-24 07:03:25.148: 1630
2020-07-24 07:03:26.530: 1640
2020-07-24 07:03:27.870: 1650
2020-07-24 07:03:29.232: 1660
2020-07-24 07:03:30.584: 1670
2020-07-24 07:03:32.003: 1680
2020-07-24 07:03:33.378: 1690
2020-07-24 07:03:34.666: 1700
2020-07-24 07:03:36.009: 1710
2020-07-24 07:03:37.367: 1720
2020-07-24 07:03:38.683: 1730
2020-07-24 07:03:40.058: 1740
2020-07-24 07:03:41.382: 1750
2020-07-24 07:03:42.655: 1760
2020-07-24 07:03:43.999: 1770
2020-07-24 07:03:45.322: 1780
2020-07-24 07:03:46.645: 1790
2020-07-24 07:03:47.983: 1800
2020-07-24 07:03:49.281: 1810
2020-07-24 07:03:50.667: 1820
2020-07-24 07:03:52.018: 1830
2020-07-24 07:03:53.404: 1840
2020-07-24 07:03:54.682: 1850
2020-07-24 07:03:55.995: 1860
2020-07-24 07:03:57.329: 1870
2020-07-24 07:03:58.677: 1880
2020-07-24 07:04:00.005: 1890
2020-07-24 07:04:01.372: 1900
2020-07-24 07:04:02.762: 1910
2020-07-24 07:04:04.211: 1920
2020-07-24 07:04:05.604: 1930
2020-07-24 07:04:06.969: 1940
2020-07-24 07:04:08.294: 1950
2020-07-24 07:04:09.611: 1960
2020-07-24 07:04:10.904: 1970
2020-07-24 07:04:12.239: 1980
2020-07-24 07:04:13.546: 1990
2020-07-24 07:04:14.793: 2000
2020-07-24 07:04:16.081: 2010
2020-07-24 07:04:17.415: 2020
2020-07-24 07:04:18.740: 2030
2020-07-24 07:04:20.084: 2040
2020-07-24 07:04:21.405: 2050
2020-07-24 07:04:22.735: 2060
2020-07-24 07:04:24.067: 2070
2020-07-24 07:04:25.393: 2080
2020-07-24 07:04:26.695: 2090
2020-07-24 07:04:28.050: 2100
2020-07-24 07:04:29.367: 2110
2020-07-24 07:04:30.704: 2120
2020-07-24 07:04:32.074: 2130
2020-07-24 07:04:34.307: 2140
2020-07-24 07:04:35.587: 2150
2020-07-24 07:04:36.887: 2160
2020-07-24 07:04:38.205: 2170
2020-07-24 07:04:39.539: 2180
2020-07-24 07:04:40.887: 2190
2020-07-24 07:04:42.130: 2200
2020-07-24 07:04:43.422: 2210
2020-07-24 07:04:44.785: 2220
2020-07-24 07:04:46.197: 2230
2020-07-24 07:04:47.559: 2240
2020-07-24 07:04:48.873: 2250
2020-07-24 07:04:50.222: 2260
2020-07-24 07:04:51.512: 2270
2020-07-24 07:04:52.822: 2280
2020-07-24 07:04:54.131: 2290
2020-07-24 07:04:55.481: 2300
2020-07-24 07:04:56.777: 2310
2020-07-24 07:04:58.088: 2320
2020-07-24 07:04:59.431: 2330
2020-07-24 07:05:00.723: 2340
2020-07-24 07:05:02.063: 2350
2020-07-24 07:05:03.441: 2360
2020-07-24 07:05:04.865: 2370
2020-07-24 07:05:06.253: 2380
2020-07-24 07:05:07.595: 2390
2020-07-24 07:05:08.902: 2400
2020-07-24 07:05:10.225: 2410
2020-07-24 07:05:11.507: 2420
2020-07-24 07:05:13.738: 2430
2020-07-24 07:05:15.086: 2440
2020-07-24 07:05:16.501: 2450
2020-07-24 07:05:17.883: 2460
2020-07-24 07:05:19.279: 2470
2020-07-24 07:05:20.623: 2480
2020-07-24 07:05:21.973: 2490
2020-07-24 07:05:23.315: 2500
2020-07-24 07:05:24.617: 2510
2020-07-24 07:05:25.980: 2520
2020-07-24 07:05:27.274: 2530
2020-07-24 07:05:28.668: 2540
2020-07-24 07:05:30.151: 2550
2020-07-24 07:05:31.570: 2560
2020-07-24 07:05:32.956: 2570
2020-07-24 07:05:34.302: 2580
2020-07-24 07:05:35.648: 2590
2020-07-24 07:05:37.083: 2600
2020-07-24 07:05:38.516: 2610
2020-07-24 07:05:39.910: 2620
2020-07-24 07:05:41.299: 2630
2020-07-24 07:05:42.681: 2640
2020-07-24 07:05:44.081: 2650
2020-07-24 07:05:45.493: 2660
2020-07-24 07:05:46.838: 2670
2020-07-24 07:05:48.176: 2680
2020-07-24 07:05:49.478: 2690
2020-07-24 07:05:50.709: 2700
2020-07-24 07:05:52.053: 2710
2020-07-24 07:05:53.427: 2720
2020-07-24 07:05:54.808: 2730
2020-07-24 07:05:56.180: 2740
2020-07-24 07:05:57.541: 2750
2020-07-24 07:05:58.897: 2760
2020-07-24 07:06:00.315: 2770
2020-07-24 07:06:01.716: 2780
2020-07-24 07:06:03.053: 2790
2020-07-24 07:06:04.392: 2800
2020-07-24 07:06:05.713: 2810
2020-07-24 07:06:06.950: 2820
2020-07-24 07:06:08.239: 2830
2020-07-24 07:06:09.515: 2840
2020-07-24 07:06:10.839: 2850
2020-07-24 07:06:12.141: 2860
2020-07-24 07:06:13.471: 2870
2020-07-24 07:06:14.805: 2880
2020-07-24 07:06:16.133: 2890
2020-07-24 07:06:17.477: 2900
2020-07-24 07:06:18.871: 2910
2020-07-24 07:06:20.252: 2920
2020-07-24 07:06:21.609: 2930
2020-07-24 07:06:22.947: 2940
2020-07-24 07:06:24.298: 2950
2020-07-24 07:06:25.673: 2960
2020-07-24 07:06:27.991: 2970
2020-07-24 07:06:29.296: 2980
2020-07-24 07:06:30.597: 2990
2020-07-24 07:06:31.925: 3000
2020-07-24 07:06:33.282: 3010
2020-07-24 07:06:34.605: 3020
2020-07-24 07:06:35.959: 3030
2020-07-24 07:06:37.361: 3040
2020-07-24 07:06:38.755: 3050
2020-07-24 07:06:40.080: 3060
2020-07-24 07:06:41.372: 3070
2020-07-24 07:06:42.699: 3080
2020-07-24 07:06:44.023: 3090
2020-07-24 07:06:45.345: 3100
2020-07-24 07:06:46.631: 3110
2020-07-24 07:06:47.954: 3120
2020-07-24 07:06:49.304: 3130
2020-07-24 07:06:50.679: 3140
2020-07-24 07:06:52.022: 3150
2020-07-24 07:06:53.411: 3160
2020-07-24 07:06:54.728: 3170
2020-07-24 07:06:56.076: 3180
2020-07-24 07:06:57.445: 3190
2020-07-24 07:06:58.840: 3200
2020-07-24 07:07:00.199: 3210
2020-07-24 07:07:01.560: 3220
2020-07-24 07:07:02.811: 3230
2020-07-24 07:07:04.283: 3240
2020-07-24 07:07:05.703: 3250
2020-07-24 07:07:07.156: 3260
2020-07-24 07:07:09.676: 3270
2020-07-24 07:07:11.090: 3280
2020-07-24 07:07:12.447: 3290
2020-07-24 07:07:13.837: 3300
2020-07-24 07:07:15.274: 3310
2020-07-24 07:07:16.689: 3320
2020-07-24 07:07:18.109: 3330
2020-07-24 07:07:19.578: 3340
2020-07-24 07:07:20.988: 3350
2020-07-24 07:07:22.393: 3360
2020-07-24 07:07:23.837: 3370
2020-07-24 07:07:25.208: 3380
2020-07-24 07:07:26.555: 3390
2020-07-24 07:07:27.896: 3400
2020-07-24 07:07:29.237: 3410
2020-07-24 07:07:30.563: 3420
2020-07-24 07:07:31.910: 3430
2020-07-24 07:07:33.280: 3440
2020-07-24 07:07:34.699: 3450
2020-07-24 07:07:36.122: 3460
2020-07-24 07:07:37.535: 3470
2020-07-24 07:07:38.916: 3480
2020-07-24 07:07:40.254: 3490
2020-07-24 07:07:41.624: 3500
2020-07-24 07:07:42.955: 3510
2020-07-24 07:07:44.281: 3520
2020-07-24 07:07:45.585: 3530
2020-07-24 07:07:46.962: 3540
2020-07-24 07:07:48.363: 3550
2020-07-24 07:07:49.717: 3560
2020-07-24 07:07:51.063: 3570
2020-07-24 07:07:52.400: 3580
2020-07-24 07:07:53.767: 3590
2020-07-24 07:07:55.045: 3600
2020-07-24 07:07:56.338: 3610
2020-07-24 07:07:57.672: 3620
2020-07-24 07:07:59.055: 3630
2020-07-24 07:08:00.467: 3640
2020-07-24 07:08:01.879: 3650
2020-07-24 07:08:03.174: 3660
2020-07-24 07:08:04.499: 3670
2020-07-24 07:08:05.797: 3680
2020-07-24 07:08:07.102: 3690
2020-07-24 07:08:08.432: 3700
2020-07-24 07:08:09.803: 3710
2020-07-24 07:08:11.219: 3720
2020-07-24 07:08:12.635: 3730
2020-07-24 07:08:13.961: 3740
2020-07-24 07:08:15.386: 3750
2020-07-24 07:08:16.772: 3760
2020-07-24 07:08:18.126: 3770
2020-07-24 07:08:19.442: 3780
2020-07-24 07:08:20.851: 3790
2020-07-24 07:08:22.251: 3800
2020-07-24 07:08:24.468: 3810
2020-07-24 07:08:25.825: 3820
2020-07-24 07:08:27.196: 3830
2020-07-24 07:08:28.582: 3840
2020-07-24 07:08:29.948: 3850
2020-07-24 07:08:31.333: 3860
2020-07-24 07:08:32.705: 3870
2020-07-24 07:08:34.094: 3880
2020-07-24 07:08:35.441: 3890
2020-07-24 07:08:36.801: 3900
2020-07-24 07:08:38.146: 3910
2020-07-24 07:08:39.489: 3920
2020-07-24 07:08:40.894: 3930
2020-07-24 07:08:42.265: 3940
2020-07-24 07:08:43.612: 3950
2020-07-24 07:08:44.961: 3960
2020-07-24 07:08:46.274: 3970
2020-07-24 07:08:47.555: 3980
2020-07-24 07:08:48.922: 3990
2020-07-24 07:08:50.250: 4000
2020-07-24 07:08:51.580: 4010
2020-07-24 07:08:52.943: 4020
2020-07-24 07:08:54.355: 4030
2020-07-24 07:08:55.768: 4040
2020-07-24 07:08:57.145: 4050
2020-07-24 07:08:58.534: 4060
2020-07-24 07:08:59.941: 4070
2020-07-24 07:09:01.274: 4080
2020-07-24 07:09:02.596: 4090
2020-07-24 07:09:04.750: 4100
2020-07-24 07:09:06.109: 4110
2020-07-24 07:09:07.534: 4120
2020-07-24 07:09:08.838: 4130
2020-07-24 07:09:10.187: 4140
2020-07-24 07:09:11.536: 4150
2020-07-24 07:09:12.900: 4160
2020-07-24 07:09:14.241: 4170
2020-07-24 07:09:15.575: 4180
2020-07-24 07:09:16.827: 4190
2020-07-24 07:09:17.903: 4200
2020-07-24 07:09:18.928: 4210
2020-07-24 07:09:19.999: 4220
2020-07-24 07:09:21.017: 4230
2020-07-24 07:09:22.258: 4240
2020-07-24 07:09:23.285: 4250
2020-07-24 07:09:24.327: 4260
2020-07-24 07:09:25.356: 4270
2020-07-24 07:09:26.390: 4280
2020-07-24 07:09:27.418: 4290
2020-07-24 07:09:28.470: 4300
2020-07-24 07:09:29.467: 4310
2020-07-24 07:09:30.480: 4320
2020-07-24 07:09:31.463: 4330
2020-07-24 07:09:32.471: 4340
2020-07-24 07:09:33.533: 4350
2020-07-24 07:09:34.566: 4360
2020-07-24 07:09:35.602: 4370
2020-07-24 07:09:36.614: 4380
2020-07-24 07:09:37.663: 4390
2020-07-24 07:09:38.747: 4400
2020-07-24 07:09:39.770: 4410
2020-07-24 07:09:40.776: 4420
2020-07-24 07:09:41.743: 4430
2020-07-24 07:09:42.764: 4440
2020-07-24 07:09:43.827: 4450
2020-07-24 07:09:44.832: 4460
2020-07-24 07:09:45.923: 4470
2020-07-24 07:09:46.892: 4480
2020-07-24 07:09:47.876: 4490
2020-07-24 07:09:48.886: 4500
2020-07-24 07:09:49.904: 4510
2020-07-24 07:09:50.933: 4520
2020-07-24 07:09:51.915: 4530
2020-07-24 07:09:52.967: 4540
2020-07-24 07:09:54.036: 4550
2020-07-24 07:09:55.060: 4560
2020-07-24 07:09:56.053: 4570
2020-07-24 07:09:56.965: 4580
2020-07-24 07:09:58.044: 4590
2020-07-24 07:09:59.107: 4600
2020-07-24 07:10:00.235: 4610
2020-07-24 07:10:01.326: 4620
2020-07-24 07:10:02.482: 4630
2020-07-24 07:10:04.482: 4640
2020-07-24 07:10:05.488: 4650
2020-07-24 07:10:06.486: 4660
2020-07-24 07:10:07.519: 4670
2020-07-24 07:10:08.515: 4680
2020-07-24 07:10:09.499: 4690
2020-07-24 07:10:10.490: 4700
2020-07-24 07:10:11.476: 4710
2020-07-24 07:10:12.473: 4720
2020-07-24 07:10:13.391: 4730
2020-07-24 07:10:14.356: 4740
2020-07-24 07:10:15.407: 4750
2020-07-24 07:10:16.409: 4760
2020-07-24 07:10:17.444: 4770
2020-07-24 07:10:18.480: 4780
2020-07-24 07:10:19.511: 4790
2020-07-24 07:10:20.506: 4800
2020-07-24 07:10:21.599: 4810
2020-07-24 07:10:22.659: 4820
2020-07-24 07:10:23.637: 4830
2020-07-24 07:10:24.644: 4840
2020-07-24 07:10:25.640: 4850
2020-07-24 07:10:26.689: 4860
2020-07-24 07:10:27.774: 4870
2020-07-24 07:10:28.864: 4880
2020-07-24 07:10:29.969: 4890
2020-07-24 07:10:31.092: 4900
2020-07-24 07:10:32.180: 4910
2020-07-24 07:10:33.239: 4920
2020-07-24 07:10:34.231: 4930
2020-07-24 07:10:36.086: 4940
2020-07-24 07:10:37.155: 4950
2020-07-24 07:10:38.177: 4960
2020-07-24 07:10:39.221: 4970
2020-07-24 07:10:40.276: 4980
2020-07-24 07:10:41.308: 4990
2020-07-24 07:10:42.306: 5000
2020-07-24 07:10:43.383: 5010
2020-07-24 07:10:44.426: 5020
2020-07-24 07:10:45.443: 5030
2020-07-24 07:10:46.467: 5040
2020-07-24 07:10:47.492: 5050
2020-07-24 07:10:48.483: 5060
2020-07-24 07:10:49.464: 5070
2020-07-24 07:10:50.543: 5080
2020-07-24 07:10:51.664: 5090
2020-07-24 07:10:52.737: 5100
2020-07-24 07:10:53.790: 5110
2020-07-24 07:10:54.848: 5120
2020-07-24 07:10:55.863: 5130
2020-07-24 07:10:56.844: 5140
2020-07-24 07:10:57.827: 5150
2020-07-24 07:10:58.814: 5160
2020-07-24 07:10:59.806: 5170
2020-07-24 07:11:00.804: 5180
2020-07-24 07:11:01.822: 5190
2020-07-24 07:11:02.945: 5200
2020-07-24 07:11:04.063: 5210
2020-07-24 07:11:05.089: 5220
2020-07-24 07:11:06.154: 5230
2020-07-24 07:11:07.144: 5240
2020-07-24 07:11:08.217: 5250
2020-07-24 07:11:09.263: 5260
2020-07-24 07:11:10.388: 5270
2020-07-24 07:11:11.459: 5280
2020-07-24 07:11:12.558: 5290
2020-07-24 07:11:13.730: 5300
2020-07-24 07:11:14.750: 5310
2020-07-24 07:11:15.680: 5320
2020-07-24 07:11:16.728: 5330
2020-07-24 07:11:17.737: 5340
2020-07-24 07:11:18.767: 5350
2020-07-24 07:11:19.814: 5360
2020-07-24 07:11:20.796: 5370
2020-07-24 07:11:21.780: 5380
2020-07-24 07:11:22.800: 5390
2020-07-24 07:11:23.793: 5400
2020-07-24 07:11:24.803: 5410
2020-07-24 07:11:25.852: 5420
2020-07-24 07:11:26.882: 5430
2020-07-24 07:11:27.955: 5440
2020-07-24 07:11:28.977: 5450
2020-07-24 07:11:29.986: 5460
2020-07-24 07:11:30.969: 5470
2020-07-24 07:11:32.667: 5480
2020-07-24 07:11:33.655: 5490
2020-07-24 07:11:34.639: 5500
2020-07-24 07:11:35.692: 5510
2020-07-24 07:11:36.713: 5520
2020-07-24 07:11:37.778: 5530
2020-07-24 07:11:38.853: 5540
2020-07-24 07:11:39.881: 5550
2020-07-24 07:11:40.922: 5560
2020-07-24 07:11:41.988: 5570
2020-07-24 07:11:43.033: 5580
2020-07-24 07:11:44.096: 5590
2020-07-24 07:11:45.092: 5600
2020-07-24 07:11:46.215: 5610
2020-07-24 07:11:47.393: 5620
2020-07-24 07:11:48.457: 5630
2020-07-24 07:11:49.497: 5640
2020-07-24 07:11:50.567: 5650
2020-07-24 07:11:51.595: 5660
2020-07-24 07:11:52.638: 5670
2020-07-24 07:11:53.679: 5680
2020-07-24 07:11:54.649: 5690
2020-07-24 07:11:55.688: 5700
2020-07-24 07:11:56.770: 5710
2020-07-24 07:11:57.992: 5720
2020-07-24 07:11:59.328: 5730
2020-07-24 07:12:00.643: 5740
2020-07-24 07:12:01.977: 5750
2020-07-24 07:12:03.314: 5760
2020-07-24 07:12:05.436: 5770
2020-07-24 07:12:06.767: 5780
2020-07-24 07:12:08.161: 5790
2020-07-24 07:12:09.529: 5800
2020-07-24 07:12:10.873: 5810
2020-07-24 07:12:12.208: 5820
2020-07-24 07:12:13.556: 5830
2020-07-24 07:12:14.881: 5840
2020-07-24 07:12:16.210: 5850
2020-07-24 07:12:17.583: 5860
2020-07-24 07:12:18.970: 5870
2020-07-24 07:12:20.384: 5880
2020-07-24 07:12:21.768: 5890
2020-07-24 07:12:23.160: 5900
2020-07-24 07:12:24.529: 5910
2020-07-24 07:12:25.883: 5920
2020-07-24 07:12:27.203: 5930
2020-07-24 07:12:28.527: 5940
2020-07-24 07:12:29.854: 5950
2020-07-24 07:12:31.171: 5960
2020-07-24 07:12:32.505: 5970
2020-07-24 07:12:33.913: 5980
2020-07-24 07:12:35.310: 5990
2020-07-24 07:12:36.631: 6000
2020-07-24 07:12:37.983: 6010
2020-07-24 07:12:39.376: 6020
2020-07-24 07:12:40.788: 6030
2020-07-24 07:12:42.139: 6040
2020-07-24 07:12:43.487: 6050
2020-07-24 07:12:44.859: 6060
2020-07-24 07:12:46.196: 6070
2020-07-24 07:12:47.554: 6080
2020-07-24 07:12:48.981: 6090
2020-07-24 07:12:50.345: 6100
2020-07-24 07:12:51.722: 6110
2020-07-24 07:12:53.022: 6120
2020-07-24 07:12:54.353: 6130
2020-07-24 07:12:55.696: 6140
2020-07-24 07:12:57.032: 6150
2020-07-24 07:12:58.417: 6160
2020-07-24 07:12:59.836: 6170
2020-07-24 07:13:01.230: 6180
2020-07-24 07:13:02.617: 6190
2020-07-24 07:13:04.020: 6200
2020-07-24 07:13:05.401: 6210
2020-07-24 07:13:06.733: 6220
2020-07-24 07:13:08.070: 6230
2020-07-24 07:13:09.439: 6240
2020-07-24 07:13:10.809: 6250
2020-07-24 07:13:12.218: 6260
2020-07-24 07:13:13.569: 6270
2020-07-24 07:13:14.914: 6280
2020-07-24 07:13:16.313: 6290
2020-07-24 07:13:17.706: 6300
2020-07-24 07:13:19.943: 6310
2020-07-24 07:13:21.247: 6320
2020-07-24 07:13:22.571: 6330
2020-07-24 07:13:23.901: 6340
2020-07-24 07:13:25.229: 6350
2020-07-24 07:13:26.624: 6360
2020-07-24 07:13:28.017: 6370
2020-07-24 07:13:29.438: 6380
2020-07-24 07:13:30.787: 6390
2020-07-24 07:13:32.151: 6400
2020-07-24 07:13:33.477: 6410
2020-07-24 07:13:34.809: 6420
2020-07-24 07:13:36.129: 6430
2020-07-24 07:13:37.453: 6440
2020-07-24 07:13:38.831: 6450
2020-07-24 07:13:40.193: 6460
2020-07-24 07:13:41.562: 6470
2020-07-24 07:13:42.912: 6480
2020-07-24 07:13:44.249: 6490
2020-07-24 07:13:45.574: 6500
2020-07-24 07:13:46.839: 6510
2020-07-24 07:13:48.191: 6520
2020-07-24 07:13:49.570: 6530
2020-07-24 07:13:50.932: 6540
2020-07-24 07:13:52.311: 6550
2020-07-24 07:13:53.669: 6560
2020-07-24 07:13:54.960: 6570
2020-07-24 07:13:56.364: 6580
2020-07-24 07:13:57.752: 6590
2020-07-24 07:13:59.118: 6600
2020-07-24 07:14:01.349: 6610
2020-07-24 07:14:02.741: 6620
2020-07-24 07:14:04.125: 6630
2020-07-24 07:14:05.526: 6640
2020-07-24 07:14:06.900: 6650
2020-07-24 07:14:08.290: 6660
2020-07-24 07:14:09.658: 6670
2020-07-24 07:14:10.981: 6680
2020-07-24 07:14:12.322: 6690
2020-07-24 07:14:13.626: 6700
2020-07-24 07:14:14.942: 6710
2020-07-24 07:14:16.270: 6720
2020-07-24 07:14:17.662: 6730
2020-07-24 07:14:19.086: 6740
2020-07-24 07:14:20.464: 6750
2020-07-24 07:14:21.825: 6760
2020-07-24 07:14:23.199: 6770
2020-07-24 07:14:24.554: 6780
2020-07-24 07:14:25.906: 6790
2020-07-24 07:14:27.243: 6800
2020-07-24 07:14:28.542: 6810
2020-07-24 07:14:29.898: 6820
2020-07-24 07:14:31.246: 6830
2020-07-24 07:14:32.578: 6840
2020-07-24 07:14:33.925: 6850
2020-07-24 07:14:35.255: 6860
2020-07-24 07:14:36.565: 6870
2020-07-24 07:14:37.957: 6880
2020-07-24 07:14:39.376: 6890
2020-07-24 07:14:40.690: 6900
2020-07-24 07:14:42.109: 6910
2020-07-24 07:14:43.545: 6920
2020-07-24 07:14:44.871: 6930
2020-07-24 07:14:46.229: 6940
2020-07-24 07:14:47.572: 6950
2020-07-24 07:14:48.905: 6960
2020-07-24 07:14:50.203: 6970
2020-07-24 07:14:51.565: 6980
2020-07-24 07:14:52.921: 6990
2020-07-24 07:14:54.324: 7000
2020-07-24 07:14:55.707: 7010
2020-07-24 07:14:57.055: 7020
2020-07-24 07:14:58.433: 7030
2020-07-24 07:14:59.806: 7040
2020-07-24 07:15:01.175: 7050
2020-07-24 07:15:02.531: 7060
2020-07-24 07:15:03.853: 7070
2020-07-24 07:15:05.200: 7080
2020-07-24 07:15:06.532: 7090
2020-07-24 07:15:07.796: 7100
2020-07-24 07:15:09.097: 7110
2020-07-24 07:15:10.439: 7120
2020-07-24 07:15:11.858: 7130
2020-07-24 07:15:13.222: 7140
2020-07-24 07:15:15.386: 7150
2020-07-24 07:15:16.704: 7160
2020-07-24 07:15:18.029: 7170
2020-07-24 07:15:19.333: 7180
2020-07-24 07:15:20.648: 7190
2020-07-24 07:15:21.968: 7200
2020-07-24 07:15:23.300: 7210
2020-07-24 07:15:24.660: 7220
2020-07-24 07:15:26.055: 7230
2020-07-24 07:15:27.427: 7240
2020-07-24 07:15:28.786: 7250
2020-07-24 07:15:30.170: 7260
2020-07-24 07:15:31.592: 7270
2020-07-24 07:15:33.011: 7280
2020-07-24 07:15:34.385: 7290
2020-07-24 07:15:35.761: 7300
2020-07-24 07:15:37.176: 7310
2020-07-24 07:15:38.603: 7320
2020-07-24 07:15:39.988: 7330
2020-07-24 07:15:41.360: 7340
2020-07-24 07:15:42.706: 7350
2020-07-24 07:15:44.048: 7360
2020-07-24 07:15:45.431: 7370
2020-07-24 07:15:46.790: 7380
2020-07-24 07:15:48.157: 7390
2020-07-24 07:15:49.482: 7400
2020-07-24 07:15:50.817: 7410
2020-07-24 07:15:52.127: 7420
2020-07-24 07:15:53.534: 7430
2020-07-24 07:15:55.801: 7440
2020-07-24 07:15:57.201: 7450
2020-07-24 07:15:58.591: 7460
2020-07-24 07:15:59.956: 7470
2020-07-24 07:16:00.542: [iter 1 : loss : 0.000518, time: 981.028318]
2020-07-24 07:16:18.108: 0
2020-07-24 07:16:19.605: 10
2020-07-24 07:16:20.952: 20
2020-07-24 07:16:22.311: 30
2020-07-24 07:16:23.702: 40
2020-07-24 07:16:25.077: 50
2020-07-24 07:16:26.431: 60
2020-07-24 07:16:27.768: 70
2020-07-24 07:16:29.141: 80
2020-07-24 07:16:30.465: 90
2020-07-24 07:16:31.864: 100
2020-07-24 07:16:33.241: 110
2020-07-24 07:16:34.601: 120
2020-07-24 07:16:35.943: 130
2020-07-24 07:16:37.297: 140
2020-07-24 07:16:38.635: 150
2020-07-24 07:16:40.073: 160
2020-07-24 07:16:41.472: 170
2020-07-24 07:16:42.833: 180
2020-07-24 07:16:44.208: 190
2020-07-24 07:16:45.570: 200
2020-07-24 07:16:46.936: 210
2020-07-24 07:16:48.298: 220
2020-07-24 07:16:49.649: 230
2020-07-24 07:16:50.999: 240
2020-07-24 07:16:52.348: 250
2020-07-24 07:16:53.669: 260
2020-07-24 07:16:55.036: 270
2020-07-24 07:16:56.450: 280
2020-07-24 07:16:57.800: 290
2020-07-24 07:17:00.059: 300
2020-07-24 07:17:01.413: 310
2020-07-24 07:17:02.736: 320
2020-07-24 07:17:04.019: 330
2020-07-24 07:17:05.282: 340
2020-07-24 07:17:06.628: 350
2020-07-24 07:17:08.018: 360
2020-07-24 07:17:09.394: 370
2020-07-24 07:17:10.706: 380
2020-07-24 07:17:12.032: 390
2020-07-24 07:17:13.354: 400
2020-07-24 07:17:14.681: 410
2020-07-24 07:17:16.027: 420
2020-07-24 07:17:17.373: 430
2020-07-24 07:17:18.702: 440
2020-07-24 07:17:20.107: 450
2020-07-24 07:17:21.506: 460
2020-07-24 07:17:22.939: 470
2020-07-24 07:17:24.312: 480
2020-07-24 07:17:25.687: 490
2020-07-24 07:17:27.042: 500
2020-07-24 07:17:28.369: 510
2020-07-24 07:17:29.712: 520
2020-07-24 07:17:31.060: 530
2020-07-24 07:17:32.387: 540
2020-07-24 07:17:33.739: 550
2020-07-24 07:17:35.141: 560
2020-07-24 07:17:36.536: 570
2020-07-24 07:17:37.926: 580
2020-07-24 07:17:39.291: 590
2020-07-24 07:17:41.629: 600
2020-07-24 07:17:43.003: 610
2020-07-24 07:17:44.372: 620
2020-07-24 07:17:45.760: 630
2020-07-24 07:17:47.144: 640
2020-07-24 07:17:48.541: 650
2020-07-24 07:17:49.967: 660
2020-07-24 07:17:51.395: 670
2020-07-24 07:17:52.802: 680
2020-07-24 07:17:54.103: 690
2020-07-24 07:17:55.450: 700
2020-07-24 07:17:56.745: 710
2020-07-24 07:17:58.088: 720
2020-07-24 07:17:59.429: 730
2020-07-24 07:18:00.841: 740
2020-07-24 07:18:02.245: 750
2020-07-24 07:18:03.645: 760
2020-07-24 07:18:05.061: 770
2020-07-24 07:18:06.490: 780
2020-07-24 07:18:07.873: 790
2020-07-24 07:18:09.196: 800
2020-07-24 07:18:10.513: 810
2020-07-24 07:18:11.891: 820
2020-07-24 07:18:13.274: 830
2020-07-24 07:18:14.620: 840
2020-07-24 07:18:15.952: 850
2020-07-24 07:18:17.242: 860
2020-07-24 07:18:18.602: 870
2020-07-24 07:18:19.930: 880
2020-07-24 07:18:21.250: 890
2020-07-24 07:18:22.595: 900
2020-07-24 07:18:23.979: 910
2020-07-24 07:18:25.318: 920
2020-07-24 07:18:26.708: 930
2020-07-24 07:18:28.117: 940
2020-07-24 07:18:29.513: 950
2020-07-24 07:18:30.880: 960
2020-07-24 07:18:32.276: 970
2020-07-24 07:18:33.655: 980
2020-07-24 07:18:35.051: 990
2020-07-24 07:18:36.391: 1000
2020-07-24 07:18:37.744: 1010
2020-07-24 07:18:39.072: 1020
2020-07-24 07:18:40.374: 1030
2020-07-24 07:18:41.755: 1040
2020-07-24 07:18:43.133: 1050
2020-07-24 07:18:44.515: 1060
2020-07-24 07:18:45.891: 1070
2020-07-24 07:18:47.302: 1080
2020-07-24 07:18:48.664: 1090
2020-07-24 07:18:49.996: 1100
2020-07-24 07:18:51.336: 1110
2020-07-24 07:18:52.670: 1120
2020-07-24 07:18:54.004: 1130
2020-07-24 07:18:56.132: 1140
2020-07-24 07:18:57.476: 1150
2020-07-24 07:18:58.821: 1160
2020-07-24 07:19:00.170: 1170
2020-07-24 07:19:01.557: 1180
2020-07-24 07:19:02.874: 1190
2020-07-24 07:19:04.251: 1200
2020-07-24 07:19:05.593: 1210
2020-07-24 07:19:06.940: 1220
2020-07-24 07:19:08.292: 1230
2020-07-24 07:19:09.668: 1240
2020-07-24 07:19:11.057: 1250
2020-07-24 07:19:12.440: 1260
2020-07-24 07:19:13.862: 1270
2020-07-24 07:19:15.284: 1280
2020-07-24 07:19:16.716: 1290
2020-07-24 07:19:18.107: 1300
2020-07-24 07:19:19.508: 1310
2020-07-24 07:19:20.909: 1320
2020-07-24 07:19:22.323: 1330
2020-07-24 07:19:23.704: 1340
2020-07-24 07:19:25.000: 1350
2020-07-24 07:19:26.352: 1360
2020-07-24 07:19:27.694: 1370
2020-07-24 07:19:29.103: 1380
2020-07-24 07:19:30.454: 1390
2020-07-24 07:19:31.822: 1400
2020-07-24 07:19:33.186: 1410
2020-07-24 07:19:34.563: 1420
2020-07-24 07:19:36.794: 1430
2020-07-24 07:19:38.166: 1440
2020-07-24 07:19:39.499: 1450
2020-07-24 07:19:40.874: 1460
2020-07-24 07:19:42.244: 1470
2020-07-24 07:19:43.558: 1480
2020-07-24 07:19:44.838: 1490
2020-07-24 07:19:46.177: 1500
2020-07-24 07:19:47.465: 1510
2020-07-24 07:19:48.818: 1520
2020-07-24 07:19:50.158: 1530
2020-07-24 07:19:51.531: 1540
2020-07-24 07:19:52.882: 1550
2020-07-24 07:19:54.252: 1560
2020-07-24 07:19:55.617: 1570
2020-07-24 07:19:56.950: 1580
2020-07-24 07:19:58.303: 1590
2020-07-24 07:19:59.640: 1600
2020-07-24 07:20:00.923: 1610
2020-07-24 07:20:02.244: 1620
2020-07-24 07:20:03.553: 1630
2020-07-24 07:20:04.875: 1640
2020-07-24 07:20:06.198: 1650
2020-07-24 07:20:07.593: 1660
2020-07-24 07:20:09.003: 1670
2020-07-24 07:20:10.427: 1680
2020-07-24 07:20:11.864: 1690
