2020-07-24 06:34:50.587: Dataset name: ml-25m_3year
The number of users: 27318
The number of items: 46362
The number of ratings: 3924093
Average actions of users: 143.64
Average actions of items: 84.64
The sparsity of the dataset: 99.690167%
2020-07-24 06:34:50.587: 

NeuRec hyperparameters:
recommender=FISM
config_dir=/ghome/yujr/NeuRec/conf
gpu_id=0
gpu_mem=0.5
data.input.path=/ghome/yujr/NeuRec/dataset
data.input.dataset=ml-25m_3year
data.column.format=UIRT
data.convert.separator=','
user_min=0
item_min=0
splitter=given
ratio=0.8
by_time=False
metric=["Precision", "Recall", "NDCG", "MAP", "MRR"]
topk=[10, 20]
group_view=None
rec.evaluate.neg=0
test_batch_size=128
num_thread=8

FISM's hyperparameters:
epochs=100
batch_size=1024
embedding_size=64
gamma=0.0001
lambda=0.0001
alpha=0.5
learning_rate=0.001
learner=adam
is_pairwise=False
num_neg=4
loss_function=cross_entropy
init_method=normal
stddev=0.01
verbose=10

2020-07-24 06:34:52.589: metrics:	Precision@10	Precision@20	Recall@10   	Recall@20   	NDCG@10     	NDCG@20     	MAP@10      	MAP@20      	MRR@10      	MRR@20      
2020-07-24 06:35:11.168: 0
2020-07-24 06:35:12.508: 10
2020-07-24 06:35:13.819: 20
2020-07-24 06:35:15.111: 30
2020-07-24 06:35:16.416: 40
2020-07-24 06:35:17.726: 50
2020-07-24 06:35:18.998: 60
2020-07-24 06:35:20.240: 70
2020-07-24 06:35:21.511: 80
2020-07-24 06:35:22.801: 90
2020-07-24 06:35:24.071: 100
2020-07-24 06:35:25.468: 110
2020-07-24 06:35:26.830: 120
2020-07-24 06:35:28.146: 130
2020-07-24 06:35:29.455: 140
2020-07-24 06:35:30.678: 150
2020-07-24 06:35:31.969: 160
2020-07-24 06:35:33.287: 170
2020-07-24 06:35:34.586: 180
2020-07-24 06:35:35.961: 190
2020-07-24 06:35:37.232: 200
2020-07-24 06:35:38.542: 210
2020-07-24 06:35:39.856: 220
2020-07-24 06:35:41.098: 230
2020-07-24 06:35:42.369: 240
2020-07-24 06:35:43.803: 250
2020-07-24 06:35:45.121: 260
2020-07-24 06:35:46.381: 270
2020-07-24 06:35:47.655: 280
2020-07-24 06:35:48.958: 290
2020-07-24 06:35:50.263: 300
2020-07-24 06:35:51.575: 310
2020-07-24 06:35:52.853: 320
2020-07-24 06:35:54.103: 330
2020-07-24 06:35:55.337: 340
2020-07-24 06:35:56.621: 350
2020-07-24 06:35:57.920: 360
2020-07-24 06:35:59.206: 370
2020-07-24 06:36:00.520: 380
2020-07-24 06:36:01.878: 390
2020-07-24 06:36:03.171: 400
2020-07-24 06:36:04.448: 410
2020-07-24 06:36:05.721: 420
2020-07-24 06:36:06.905: 430
2020-07-24 06:36:08.196: 440
2020-07-24 06:36:09.484: 450
2020-07-24 06:36:10.791: 460
2020-07-24 06:36:12.909: 470
2020-07-24 06:36:14.228: 480
2020-07-24 06:36:15.492: 490
2020-07-24 06:36:16.739: 500
2020-07-24 06:36:18.002: 510
2020-07-24 06:36:19.323: 520
2020-07-24 06:36:20.580: 530
2020-07-24 06:36:21.840: 540
2020-07-24 06:36:23.128: 550
2020-07-24 06:36:24.408: 560
2020-07-24 06:36:25.727: 570
2020-07-24 06:36:27.021: 580
2020-07-24 06:36:28.283: 590
2020-07-24 06:36:29.473: 600
2020-07-24 06:36:30.725: 610
2020-07-24 06:36:31.992: 620
2020-07-24 06:36:33.206: 630
2020-07-24 06:36:34.557: 640
2020-07-24 06:36:35.883: 650
2020-07-24 06:36:37.235: 660
2020-07-24 06:36:38.645: 670
2020-07-24 06:36:40.051: 680
2020-07-24 06:36:41.498: 690
2020-07-24 06:36:42.929: 700
2020-07-24 06:36:44.304: 710
2020-07-24 06:36:45.710: 720
2020-07-24 06:36:47.016: 730
2020-07-24 06:36:48.372: 740
2020-07-24 06:36:49.740: 750
2020-07-24 06:36:51.825: 760
2020-07-24 06:36:53.134: 770
2020-07-24 06:36:54.571: 780
2020-07-24 06:36:55.976: 790
2020-07-24 06:36:57.391: 800
2020-07-24 06:36:58.718: 810
2020-07-24 06:37:00.032: 820
2020-07-24 06:37:01.344: 830
2020-07-24 06:37:02.578: 840
2020-07-24 06:37:03.911: 850
2020-07-24 06:37:05.216: 860
2020-07-24 06:37:06.559: 870
2020-07-24 06:37:07.927: 880
2020-07-24 06:37:09.321: 890
2020-07-24 06:37:10.744: 900
2020-07-24 06:37:12.050: 910
2020-07-24 06:37:13.382: 920
2020-07-24 06:37:14.727: 930
2020-07-24 06:37:16.028: 940
2020-07-24 06:37:17.302: 950
2020-07-24 06:37:18.618: 960
2020-07-24 06:37:19.912: 970
2020-07-24 06:37:21.299: 980
2020-07-24 06:37:22.644: 990
2020-07-24 06:37:23.924: 1000
2020-07-24 06:37:25.221: 1010
2020-07-24 06:37:26.520: 1020
2020-07-24 06:37:27.792: 1030
2020-07-24 06:37:29.083: 1040
2020-07-24 06:37:30.373: 1050
2020-07-24 06:37:31.691: 1060
2020-07-24 06:37:33.044: 1070
2020-07-24 06:37:34.317: 1080
2020-07-24 06:37:35.613: 1090
2020-07-24 06:37:36.915: 1100
2020-07-24 06:37:38.163: 1110
2020-07-24 06:37:39.465: 1120
2020-07-24 06:37:40.768: 1130
2020-07-24 06:37:42.015: 1140
2020-07-24 06:37:43.279: 1150
2020-07-24 06:37:44.525: 1160
2020-07-24 06:37:45.796: 1170
2020-07-24 06:37:47.117: 1180
2020-07-24 06:37:48.429: 1190
2020-07-24 06:37:49.774: 1200
2020-07-24 06:37:51.132: 1210
2020-07-24 06:37:52.446: 1220
2020-07-24 06:37:53.697: 1230
2020-07-24 06:37:54.977: 1240
2020-07-24 06:37:56.261: 1250
2020-07-24 06:37:57.641: 1260
2020-07-24 06:37:59.017: 1270
2020-07-24 06:38:00.346: 1280
2020-07-24 06:38:01.590: 1290
2020-07-24 06:38:03.739: 1300
2020-07-24 06:38:05.042: 1310
2020-07-24 06:38:06.331: 1320
2020-07-24 06:38:07.621: 1330
2020-07-24 06:38:08.957: 1340
2020-07-24 06:38:10.249: 1350
2020-07-24 06:38:11.567: 1360
2020-07-24 06:38:12.870: 1370
2020-07-24 06:38:14.177: 1380
2020-07-24 06:38:15.438: 1390
2020-07-24 06:38:16.755: 1400
2020-07-24 06:38:18.111: 1410
2020-07-24 06:38:19.447: 1420
2020-07-24 06:38:20.832: 1430
2020-07-24 06:38:22.230: 1440
2020-07-24 06:38:23.598: 1450
2020-07-24 06:38:24.862: 1460
2020-07-24 06:38:26.197: 1470
2020-07-24 06:38:27.515: 1480
2020-07-24 06:38:28.737: 1490
2020-07-24 06:38:30.055: 1500
2020-07-24 06:38:31.343: 1510
2020-07-24 06:38:32.658: 1520
2020-07-24 06:38:33.887: 1530
2020-07-24 06:38:35.211: 1540
2020-07-24 06:38:36.550: 1550
2020-07-24 06:38:37.893: 1560
2020-07-24 06:38:39.205: 1570
2020-07-24 06:38:40.547: 1580
2020-07-24 06:38:41.872: 1590
2020-07-24 06:38:44.051: 1600
2020-07-24 06:38:45.297: 1610
2020-07-24 06:38:46.533: 1620
2020-07-24 06:38:47.810: 1630
2020-07-24 06:38:49.091: 1640
2020-07-24 06:38:50.359: 1650
2020-07-24 06:38:51.690: 1660
2020-07-24 06:38:52.943: 1670
2020-07-24 06:38:54.208: 1680
2020-07-24 06:38:55.566: 1690
2020-07-24 06:38:56.834: 1700
2020-07-24 06:38:58.201: 1710
2020-07-24 06:38:59.494: 1720
2020-07-24 06:39:00.680: 1730
2020-07-24 06:39:02.020: 1740
2020-07-24 06:39:03.357: 1750
2020-07-24 06:39:04.609: 1760
2020-07-24 06:39:05.869: 1770
2020-07-24 06:39:07.153: 1780
2020-07-24 06:39:08.525: 1790
2020-07-24 06:39:09.903: 1800
2020-07-24 06:39:11.125: 1810
2020-07-24 06:39:12.399: 1820
2020-07-24 06:39:13.658: 1830
2020-07-24 06:39:15.017: 1840
2020-07-24 06:39:16.274: 1850
2020-07-24 06:39:17.627: 1860
2020-07-24 06:39:18.934: 1870
2020-07-24 06:39:20.311: 1880
2020-07-24 06:39:21.614: 1890
2020-07-24 06:39:22.882: 1900
2020-07-24 06:39:24.183: 1910
2020-07-24 06:39:25.475: 1920
2020-07-24 06:39:26.760: 1930
2020-07-24 06:39:28.035: 1940
2020-07-24 06:39:29.360: 1950
2020-07-24 06:39:30.622: 1960
2020-07-24 06:39:31.823: 1970
2020-07-24 06:39:33.153: 1980
2020-07-24 06:39:34.468: 1990
2020-07-24 06:39:35.712: 2000
2020-07-24 06:39:36.949: 2010
2020-07-24 06:39:38.248: 2020
2020-07-24 06:39:39.487: 2030
2020-07-24 06:39:40.755: 2040
2020-07-24 06:39:42.003: 2050
2020-07-24 06:39:43.245: 2060
2020-07-24 06:39:44.578: 2070
2020-07-24 06:39:45.914: 2080
2020-07-24 06:39:47.193: 2090
2020-07-24 06:39:48.472: 2100
2020-07-24 06:39:49.737: 2110
2020-07-24 06:39:50.992: 2120
2020-07-24 06:39:52.405: 2130
2020-07-24 06:39:54.611: 2140
2020-07-24 06:39:55.920: 2150
2020-07-24 06:39:57.204: 2160
2020-07-24 06:39:58.526: 2170
2020-07-24 06:39:59.875: 2180
2020-07-24 06:40:01.265: 2190
2020-07-24 06:40:02.586: 2200
2020-07-24 06:40:03.953: 2210
2020-07-24 06:40:05.310: 2220
2020-07-24 06:40:06.642: 2230
2020-07-24 06:40:07.946: 2240
2020-07-24 06:40:09.215: 2250
2020-07-24 06:40:10.522: 2260
2020-07-24 06:40:11.824: 2270
2020-07-24 06:40:13.226: 2280
2020-07-24 06:40:14.568: 2290
2020-07-24 06:40:15.898: 2300
2020-07-24 06:40:17.222: 2310
2020-07-24 06:40:18.568: 2320
2020-07-24 06:40:19.903: 2330
2020-07-24 06:40:21.195: 2340
2020-07-24 06:40:22.494: 2350
2020-07-24 06:40:23.898: 2360
2020-07-24 06:40:25.237: 2370
2020-07-24 06:40:26.589: 2380
2020-07-24 06:40:27.888: 2390
2020-07-24 06:40:29.230: 2400
2020-07-24 06:40:30.613: 2410
2020-07-24 06:40:31.981: 2420
2020-07-24 06:40:34.236: 2430
2020-07-24 06:40:35.563: 2440
2020-07-24 06:40:36.869: 2450
2020-07-24 06:40:38.171: 2460
2020-07-24 06:40:39.493: 2470
2020-07-24 06:40:40.802: 2480
2020-07-24 06:40:42.090: 2490
2020-07-24 06:40:43.395: 2500
2020-07-24 06:40:44.658: 2510
2020-07-24 06:40:45.941: 2520
2020-07-24 06:40:47.226: 2530
2020-07-24 06:40:48.527: 2540
2020-07-24 06:40:49.840: 2550
2020-07-24 06:40:51.193: 2560
2020-07-24 06:40:52.615: 2570
2020-07-24 06:40:53.969: 2580
2020-07-24 06:40:55.329: 2590
2020-07-24 06:40:56.669: 2600
2020-07-24 06:40:57.999: 2610
2020-07-24 06:40:59.395: 2620
2020-07-24 06:41:00.813: 2630
2020-07-24 06:41:02.126: 2640
2020-07-24 06:41:03.482: 2650
2020-07-24 06:41:04.785: 2660
2020-07-24 06:41:06.128: 2670
2020-07-24 06:41:07.445: 2680
2020-07-24 06:41:08.771: 2690
2020-07-24 06:41:10.123: 2700
2020-07-24 06:41:11.492: 2710
2020-07-24 06:41:12.899: 2720
2020-07-24 06:41:14.254: 2730
2020-07-24 06:41:15.591: 2740
2020-07-24 06:41:16.902: 2750
2020-07-24 06:41:18.209: 2760
2020-07-24 06:41:19.569: 2770
2020-07-24 06:41:20.916: 2780
2020-07-24 06:41:22.322: 2790
2020-07-24 06:41:23.711: 2800
2020-07-24 06:41:25.111: 2810
2020-07-24 06:41:26.399: 2820
2020-07-24 06:41:27.750: 2830
2020-07-24 06:41:29.171: 2840
2020-07-24 06:41:30.542: 2850
2020-07-24 06:41:31.888: 2860
2020-07-24 06:41:33.217: 2870
2020-07-24 06:41:34.529: 2880
2020-07-24 06:41:35.846: 2890
2020-07-24 06:41:37.174: 2900
2020-07-24 06:41:38.533: 2910
2020-07-24 06:41:39.951: 2920
2020-07-24 06:41:41.323: 2930
2020-07-24 06:41:42.666: 2940
2020-07-24 06:41:44.029: 2950
2020-07-24 06:41:45.430: 2960
2020-07-24 06:41:47.549: 2970
2020-07-24 06:41:48.897: 2980
2020-07-24 06:41:50.263: 2990
2020-07-24 06:41:51.656: 3000
2020-07-24 06:41:53.066: 3010
2020-07-24 06:41:54.477: 3020
2020-07-24 06:41:55.835: 3030
2020-07-24 06:41:57.144: 3040
2020-07-24 06:41:58.499: 3050
2020-07-24 06:41:59.851: 3060
2020-07-24 06:42:01.249: 3070
2020-07-24 06:42:02.611: 3080
2020-07-24 06:42:03.946: 3090
2020-07-24 06:42:05.294: 3100
2020-07-24 06:42:06.664: 3110
2020-07-24 06:42:08.041: 3120
2020-07-24 06:42:09.448: 3130
2020-07-24 06:42:10.833: 3140
2020-07-24 06:42:12.146: 3150
2020-07-24 06:42:13.537: 3160
2020-07-24 06:42:14.880: 3170
2020-07-24 06:42:16.234: 3180
2020-07-24 06:42:17.536: 3190
2020-07-24 06:42:18.842: 3200
2020-07-24 06:42:20.222: 3210
2020-07-24 06:42:21.594: 3220
2020-07-24 06:42:22.896: 3230
2020-07-24 06:42:24.258: 3240
2020-07-24 06:42:25.610: 3250
2020-07-24 06:42:26.950: 3260
2020-07-24 06:42:29.060: 3270
2020-07-24 06:42:30.322: 3280
2020-07-24 06:42:31.605: 3290
2020-07-24 06:42:32.897: 3300
2020-07-24 06:42:34.215: 3310
2020-07-24 06:42:35.597: 3320
2020-07-24 06:42:36.979: 3330
2020-07-24 06:42:38.331: 3340
2020-07-24 06:42:39.711: 3350
2020-07-24 06:42:41.094: 3360
2020-07-24 06:42:42.434: 3370
2020-07-24 06:42:43.752: 3380
2020-07-24 06:42:45.084: 3390
2020-07-24 06:42:46.398: 3400
2020-07-24 06:42:47.733: 3410
2020-07-24 06:42:49.103: 3420
2020-07-24 06:42:50.541: 3430
2020-07-24 06:42:51.916: 3440
2020-07-24 06:42:53.272: 3450
2020-07-24 06:42:54.632: 3460
2020-07-24 06:42:55.966: 3470
2020-07-24 06:42:57.259: 3480
2020-07-24 06:42:58.564: 3490
2020-07-24 06:42:59.869: 3500
2020-07-24 06:43:01.200: 3510
2020-07-24 06:43:02.568: 3520
2020-07-24 06:43:03.883: 3530
2020-07-24 06:43:05.266: 3540
2020-07-24 06:43:06.669: 3550
2020-07-24 06:43:08.007: 3560
2020-07-24 06:43:09.348: 3570
2020-07-24 06:43:10.704: 3580
2020-07-24 06:43:12.079: 3590
2020-07-24 06:43:13.454: 3600
2020-07-24 06:43:14.830: 3610
2020-07-24 06:43:16.144: 3620
2020-07-24 06:43:17.471: 3630
2020-07-24 06:43:18.815: 3640
2020-07-24 06:43:20.118: 3650
2020-07-24 06:43:21.407: 3660
2020-07-24 06:43:22.804: 3670
2020-07-24 06:43:24.186: 3680
2020-07-24 06:43:25.549: 3690
2020-07-24 06:43:26.924: 3700
2020-07-24 06:43:28.298: 3710
2020-07-24 06:43:29.673: 3720
2020-07-24 06:43:31.024: 3730
2020-07-24 06:43:32.388: 3740
2020-07-24 06:43:33.788: 3750
2020-07-24 06:43:35.146: 3760
2020-07-24 06:43:36.489: 3770
2020-07-24 06:43:37.791: 3780
2020-07-24 06:43:39.127: 3790
2020-07-24 06:43:40.471: 3800
2020-07-24 06:43:42.546: 3810
2020-07-24 06:43:43.916: 3820
2020-07-24 06:43:45.277: 3830
2020-07-24 06:43:46.625: 3840
2020-07-24 06:43:47.942: 3850
2020-07-24 06:43:49.294: 3860
2020-07-24 06:43:50.650: 3870
2020-07-24 06:43:52.053: 3880
2020-07-24 06:43:53.411: 3890
2020-07-24 06:43:54.735: 3900
2020-07-24 06:43:56.079: 3910
2020-07-24 06:43:57.490: 3920
2020-07-24 06:43:58.880: 3930
2020-07-24 06:44:00.227: 3940
2020-07-24 06:44:01.586: 3950
2020-07-24 06:44:02.935: 3960
2020-07-24 06:44:04.345: 3970
2020-07-24 06:44:05.719: 3980
2020-07-24 06:44:07.100: 3990
2020-07-24 06:44:08.477: 4000
2020-07-24 06:44:09.798: 4010
2020-07-24 06:44:11.130: 4020
2020-07-24 06:44:12.489: 4030
2020-07-24 06:44:13.842: 4040
2020-07-24 06:44:15.158: 4050
2020-07-24 06:44:16.460: 4060
2020-07-24 06:44:17.780: 4070
2020-07-24 06:44:19.079: 4080
2020-07-24 06:44:20.440: 4090
2020-07-24 06:44:22.631: 4100
2020-07-24 06:44:23.942: 4110
2020-07-24 06:44:25.370: 4120
2020-07-24 06:44:26.671: 4130
2020-07-24 06:44:28.020: 4140
2020-07-24 06:44:29.366: 4150
2020-07-24 06:44:30.686: 4160
2020-07-24 06:44:32.015: 4170
2020-07-24 06:44:33.348: 4180
2020-07-24 06:44:34.691: 4190
2020-07-24 06:44:36.033: 4200
2020-07-24 06:44:37.434: 4210
2020-07-24 06:44:38.813: 4220
2020-07-24 06:44:40.172: 4230
2020-07-24 06:44:41.499: 4240
2020-07-24 06:44:42.835: 4250
2020-07-24 06:44:44.133: 4260
2020-07-24 06:44:45.440: 4270
2020-07-24 06:44:46.848: 4280
2020-07-24 06:44:48.241: 4290
2020-07-24 06:44:49.621: 4300
2020-07-24 06:44:51.023: 4310
2020-07-24 06:44:52.364: 4320
2020-07-24 06:44:53.695: 4330
2020-07-24 06:44:55.055: 4340
2020-07-24 06:44:56.441: 4350
2020-07-24 06:44:57.826: 4360
2020-07-24 06:44:59.191: 4370
2020-07-24 06:45:00.508: 4380
2020-07-24 06:45:01.833: 4390
2020-07-24 06:45:03.193: 4400
2020-07-24 06:45:04.530: 4410
2020-07-24 06:45:05.833: 4420
2020-07-24 06:45:07.126: 4430
2020-07-24 06:45:08.446: 4440
2020-07-24 06:45:09.769: 4450
2020-07-24 06:45:11.099: 4460
2020-07-24 06:45:12.412: 4470
2020-07-24 06:45:13.730: 4480
2020-07-24 06:45:15.049: 4490
2020-07-24 06:45:16.331: 4500
2020-07-24 06:45:17.666: 4510
2020-07-24 06:45:19.018: 4520
2020-07-24 06:45:20.366: 4530
2020-07-24 06:45:21.676: 4540
2020-07-24 06:45:23.035: 4550
2020-07-24 06:45:24.344: 4560
2020-07-24 06:45:25.658: 4570
2020-07-24 06:45:26.998: 4580
2020-07-24 06:45:28.397: 4590
2020-07-24 06:45:29.782: 4600
2020-07-24 06:45:31.168: 4610
2020-07-24 06:45:32.582: 4620
2020-07-24 06:45:33.981: 4630
2020-07-24 06:45:36.248: 4640
2020-07-24 06:45:37.613: 4650
2020-07-24 06:45:38.946: 4660
2020-07-24 06:45:40.305: 4670
2020-07-24 06:45:41.669: 4680
2020-07-24 06:45:43.049: 4690
2020-07-24 06:45:44.408: 4700
2020-07-24 06:45:45.732: 4710
2020-07-24 06:45:47.086: 4720
2020-07-24 06:45:48.360: 4730
2020-07-24 06:45:49.685: 4740
2020-07-24 06:45:50.992: 4750
2020-07-24 06:45:52.340: 4760
2020-07-24 06:45:53.716: 4770
2020-07-24 06:45:55.080: 4780
2020-07-24 06:45:56.485: 4790
2020-07-24 06:45:57.832: 4800
2020-07-24 06:45:59.237: 4810
2020-07-24 06:46:00.584: 4820
2020-07-24 06:46:01.952: 4830
2020-07-24 06:46:03.324: 4840
2020-07-24 06:46:04.647: 4850
2020-07-24 06:46:05.985: 4860
2020-07-24 06:46:07.322: 4870
2020-07-24 06:46:08.731: 4880
2020-07-24 06:46:10.115: 4890
2020-07-24 06:46:11.443: 4900
2020-07-24 06:46:12.785: 4910
2020-07-24 06:46:14.146: 4920
2020-07-24 06:46:15.431: 4930
2020-07-24 06:46:17.665: 4940
2020-07-24 06:46:19.012: 4950
2020-07-24 06:46:20.342: 4960
2020-07-24 06:46:21.703: 4970
2020-07-24 06:46:23.076: 4980
2020-07-24 06:46:24.425: 4990
2020-07-24 06:46:25.747: 5000
2020-07-24 06:46:27.109: 5010
2020-07-24 06:46:28.464: 5020
2020-07-24 06:46:29.786: 5030
2020-07-24 06:46:31.134: 5040
2020-07-24 06:46:32.520: 5050
2020-07-24 06:46:33.913: 5060
2020-07-24 06:46:35.293: 5070
2020-07-24 06:46:36.632: 5080
2020-07-24 06:46:38.002: 5090
2020-07-24 06:46:39.311: 5100
2020-07-24 06:46:40.595: 5110
2020-07-24 06:46:41.917: 5120
2020-07-24 06:46:43.254: 5130
2020-07-24 06:46:44.625: 5140
2020-07-24 06:46:46.016: 5150
2020-07-24 06:46:47.365: 5160
2020-07-24 06:46:48.730: 5170
2020-07-24 06:46:50.056: 5180
2020-07-24 06:46:51.395: 5190
2020-07-24 06:46:52.776: 5200
2020-07-24 06:46:54.161: 5210
2020-07-24 06:46:55.495: 5220
2020-07-24 06:46:56.855: 5230
2020-07-24 06:46:58.179: 5240
2020-07-24 06:46:59.475: 5250
2020-07-24 06:47:00.808: 5260
2020-07-24 06:47:02.216: 5270
2020-07-24 06:47:03.617: 5280
2020-07-24 06:47:05.007: 5290
2020-07-24 06:47:06.408: 5300
2020-07-24 06:47:07.758: 5310
2020-07-24 06:47:09.028: 5320
2020-07-24 06:47:10.402: 5330
2020-07-24 06:47:11.748: 5340
2020-07-24 06:47:13.130: 5350
2020-07-24 06:47:14.548: 5360
2020-07-24 06:47:15.888: 5370
2020-07-24 06:47:17.263: 5380
2020-07-24 06:47:18.622: 5390
2020-07-24 06:47:19.957: 5400
2020-07-24 06:47:21.287: 5410
2020-07-24 06:47:22.579: 5420
2020-07-24 06:47:23.893: 5430
2020-07-24 06:47:25.210: 5440
2020-07-24 06:47:26.570: 5450
2020-07-24 06:47:27.942: 5460
2020-07-24 06:47:29.367: 5470
2020-07-24 06:47:31.782: 5480
2020-07-24 06:47:33.162: 5490
2020-07-24 06:47:34.552: 5500
2020-07-24 06:47:35.964: 5510
2020-07-24 06:47:37.318: 5520
2020-07-24 06:47:38.690: 5530
2020-07-24 06:47:40.085: 5540
2020-07-24 06:47:41.483: 5550
2020-07-24 06:47:42.847: 5560
2020-07-24 06:47:44.194: 5570
2020-07-24 06:47:45.509: 5580
2020-07-24 06:47:46.847: 5590
2020-07-24 06:47:48.268: 5600
2020-07-24 06:47:49.696: 5610
2020-07-24 06:47:51.089: 5620
2020-07-24 06:47:52.489: 5630
2020-07-24 06:47:53.857: 5640
2020-07-24 06:47:55.210: 5650
2020-07-24 06:47:56.619: 5660
2020-07-24 06:47:58.025: 5670
2020-07-24 06:47:59.393: 5680
2020-07-24 06:48:00.684: 5690
2020-07-24 06:48:01.986: 5700
2020-07-24 06:48:03.320: 5710
2020-07-24 06:48:04.646: 5720
2020-07-24 06:48:05.946: 5730
2020-07-24 06:48:07.292: 5740
2020-07-24 06:48:08.676: 5750
2020-07-24 06:48:10.070: 5760
2020-07-24 06:48:12.292: 5770
2020-07-24 06:48:13.639: 5780
2020-07-24 06:48:14.967: 5790
2020-07-24 06:48:16.273: 5800
2020-07-24 06:48:17.599: 5810
2020-07-24 06:48:18.970: 5820
2020-07-24 06:48:20.342: 5830
2020-07-24 06:48:21.692: 5840
2020-07-24 06:48:23.030: 5850
2020-07-24 06:48:24.349: 5860
2020-07-24 06:48:25.655: 5870
2020-07-24 06:48:26.968: 5880
2020-07-24 06:48:28.269: 5890
2020-07-24 06:48:29.615: 5900
2020-07-24 06:48:30.969: 5910
2020-07-24 06:48:32.369: 5920
2020-07-24 06:48:33.747: 5930
2020-07-24 06:48:35.107: 5940
2020-07-24 06:48:36.457: 5950
2020-07-24 06:48:37.824: 5960
2020-07-24 06:48:39.187: 5970
2020-07-24 06:48:40.541: 5980
2020-07-24 06:48:41.917: 5990
2020-07-24 06:48:43.228: 6000
2020-07-24 06:48:44.574: 6010
2020-07-24 06:48:45.918: 6020
2020-07-24 06:48:47.242: 6030
2020-07-24 06:48:48.540: 6040
2020-07-24 06:48:49.827: 6050
2020-07-24 06:48:51.169: 6060
2020-07-24 06:48:52.500: 6070
2020-07-24 06:48:53.863: 6080
2020-07-24 06:48:55.206: 6090
2020-07-24 06:48:56.502: 6100
2020-07-24 06:48:57.813: 6110
2020-07-24 06:48:59.131: 6120
2020-07-24 06:49:00.449: 6130
2020-07-24 06:49:01.774: 6140
2020-07-24 06:49:03.135: 6150
2020-07-24 06:49:04.523: 6160
2020-07-24 06:49:05.913: 6170
2020-07-24 06:49:07.369: 6180
2020-07-24 06:49:08.802: 6190
2020-07-24 06:49:10.198: 6200
2020-07-24 06:49:11.589: 6210
2020-07-24 06:49:12.941: 6220
2020-07-24 06:49:14.285: 6230
2020-07-24 06:49:15.621: 6240
2020-07-24 06:49:16.954: 6250
2020-07-24 06:49:18.268: 6260
2020-07-24 06:49:19.602: 6270
2020-07-24 06:49:20.993: 6280
2020-07-24 06:49:22.358: 6290
2020-07-24 06:49:23.747: 6300
2020-07-24 06:49:26.015: 6310
2020-07-24 06:49:27.315: 6320
2020-07-24 06:49:28.656: 6330
2020-07-24 06:49:29.978: 6340
2020-07-24 06:49:31.272: 6350
2020-07-24 06:49:32.592: 6360
2020-07-24 06:49:33.884: 6370
2020-07-24 06:49:35.235: 6380
2020-07-24 06:49:36.631: 6390
2020-07-24 06:49:38.020: 6400
2020-07-24 06:49:39.366: 6410
2020-07-24 06:49:40.672: 6420
2020-07-24 06:49:42.020: 6430
2020-07-24 06:49:43.350: 6440
2020-07-24 06:49:44.691: 6450
2020-07-24 06:49:46.012: 6460
2020-07-24 06:49:47.321: 6470
2020-07-24 06:49:48.615: 6480
2020-07-24 06:49:49.930: 6490
2020-07-24 06:49:51.252: 6500
2020-07-24 06:49:52.627: 6510
2020-07-24 06:49:54.035: 6520
2020-07-24 06:49:55.429: 6530
2020-07-24 06:49:56.768: 6540
2020-07-24 06:49:58.168: 6550
2020-07-24 06:49:59.555: 6560
2020-07-24 06:50:00.807: 6570
2020-07-24 06:50:02.190: 6580
2020-07-24 06:50:03.572: 6590
2020-07-24 06:50:04.918: 6600
2020-07-24 06:50:07.092: 6610
2020-07-24 06:50:08.407: 6620
2020-07-24 06:50:09.723: 6630
2020-07-24 06:50:11.059: 6640
2020-07-24 06:50:12.446: 6650
2020-07-24 06:50:13.853: 6660
2020-07-24 06:50:15.236: 6670
2020-07-24 06:50:16.598: 6680
2020-07-24 06:50:17.951: 6690
2020-07-24 06:50:19.282: 6700
2020-07-24 06:50:20.604: 6710
2020-07-24 06:50:21.939: 6720
2020-07-24 06:50:23.266: 6730
2020-07-24 06:50:24.601: 6740
2020-07-24 06:50:25.959: 6750
2020-07-24 06:50:27.300: 6760
2020-07-24 06:50:28.641: 6770
2020-07-24 06:50:30.015: 6780
2020-07-24 06:50:31.374: 6790
2020-07-24 06:50:32.705: 6800
2020-07-24 06:50:34.001: 6810
2020-07-24 06:50:35.342: 6820
2020-07-24 06:50:36.650: 6830
2020-07-24 06:50:37.978: 6840
2020-07-24 06:50:39.322: 6850
2020-07-24 06:50:40.669: 6860
2020-07-24 06:50:42.050: 6870
2020-07-24 06:50:43.411: 6880
2020-07-24 06:50:44.812: 6890
2020-07-24 06:50:46.162: 6900
2020-07-24 06:50:47.587: 6910
2020-07-24 06:50:48.975: 6920
2020-07-24 06:50:50.287: 6930
2020-07-24 06:50:51.631: 6940
2020-07-24 06:50:52.948: 6950
2020-07-24 06:50:54.274: 6960
2020-07-24 06:50:55.565: 6970
2020-07-24 06:50:56.914: 6980
2020-07-24 06:50:58.283: 6990
2020-07-24 06:50:59.651: 7000
2020-07-24 06:51:01.026: 7010
2020-07-24 06:51:02.336: 7020
2020-07-24 06:51:03.753: 7030
2020-07-24 06:51:05.148: 7040
2020-07-24 06:51:06.534: 7050
2020-07-24 06:51:07.898: 7060
2020-07-24 06:51:09.265: 7070
2020-07-24 06:51:10.677: 7080
2020-07-24 06:51:12.039: 7090
2020-07-24 06:51:13.384: 7100
2020-07-24 06:51:14.781: 7110
2020-07-24 06:51:16.127: 7120
2020-07-24 06:51:17.511: 7130
2020-07-24 06:51:18.882: 7140
2020-07-24 06:51:21.080: 7150
2020-07-24 06:51:22.438: 7160
2020-07-24 06:51:23.756: 7170
2020-07-24 06:51:25.074: 7180
2020-07-24 06:51:26.381: 7190
2020-07-24 06:51:27.699: 7200
2020-07-24 06:51:28.949: 7210
2020-07-24 06:51:30.306: 7220
2020-07-24 06:51:31.639: 7230
2020-07-24 06:51:32.959: 7240
2020-07-24 06:51:34.328: 7250
2020-07-24 06:51:35.684: 7260
2020-07-24 06:51:37.026: 7270
2020-07-24 06:51:38.334: 7280
2020-07-24 06:51:39.655: 7290
2020-07-24 06:51:40.977: 7300
2020-07-24 06:51:42.313: 7310
2020-07-24 06:51:43.666: 7320
2020-07-24 06:51:45.021: 7330
2020-07-24 06:51:46.411: 7340
2020-07-24 06:51:47.781: 7350
2020-07-24 06:51:49.094: 7360
2020-07-24 06:51:50.480: 7370
2020-07-24 06:51:51.849: 7380
2020-07-24 06:51:53.267: 7390
2020-07-24 06:51:54.645: 7400
2020-07-24 06:51:55.995: 7410
2020-07-24 06:51:57.299: 7420
2020-07-24 06:51:58.638: 7430
2020-07-24 06:52:00.760: 7440
2020-07-24 06:52:02.121: 7450
2020-07-24 06:52:03.426: 7460
2020-07-24 06:52:04.771: 7470
2020-07-24 06:52:05.314: [iter 1 : loss : nan, time: 1015.182225]
2020-07-24 06:52:22.791: 0
2020-07-24 06:52:24.186: 10
2020-07-24 06:52:25.510: 20
2020-07-24 06:52:26.836: 30
2020-07-24 06:52:28.157: 40
2020-07-24 06:52:29.529: 50
2020-07-24 06:52:30.850: 60
2020-07-24 06:52:32.143: 70
2020-07-24 06:52:33.485: 80
2020-07-24 06:52:34.911: 90
2020-07-24 06:52:36.326: 100
2020-07-24 06:52:37.674: 110
2020-07-24 06:52:39.007: 120
2020-07-24 06:52:40.382: 130
2020-07-24 06:52:41.728: 140
