2020-06-16 16:46:19.435: Dataset name: ml-100k
The number of users: 943
The number of items: 1682
The number of ratings: 100000
Average actions of users: 106.04
Average actions of items: 59.45
The sparsity of the dataset: 93.695331%
2020-06-16 16:46:19.436: 

NeuRec hyperparameters:
recommender=MF
config_dir=./conf
gpu_id=0
gpu_mem=0.5
data.input.path=dataset
data.input.dataset=ml-100k
data.column.format=UIRT
data.convert.separator='\t'
user_min=0
item_min=0
splitter=ratio
ratio=0.8
by_time=False
metric=["Precision", "Recall", "NDCG", "MAP", "MRR"]
topk=[10, 20]
group_view=None
rec.evaluate.neg=0
test_batch_size=128
num_thread=8

MF's hyperparameters:
epochs=300
batch_size=512
embedding_size=64
reg_mf=0.0
learning_rate=0.001
learner=adam
num_negatives=1
is_pairwise=True
loss_function=bpr
init_method=normal
stddev=0.01
verbose=1

2020-06-16 16:46:19.814: metrics:	Precision@10	Precision@20	Recall@10   	Recall@20   	NDCG@10     	NDCG@20     	MAP@10      	MAP@20      	MRR@10      	MRR@20      
