2020-06-16 18:10:59.741: Dataset name: ml-25m_3year
The number of users: 27318
The number of items: 46362
The number of ratings: 3924093
Average actions of users: 143.64
Average actions of items: 84.64
The sparsity of the dataset: 99.690167%
2020-06-16 18:10:59.741: 

NeuRec hyperparameters:
recommender=MF
config_dir=./conf
gpu_id=0
gpu_mem=0.5
data.input.path=dataset
data.input.dataset=ml-25m_3year
data.column.format=UIRT
data.convert.separator=','
user_min=0
item_min=0
splitter=given
ratio=0.8
by_time=False
metric=["Precision", "Recall", "NDCG", "MAP", "MRR"]
topk=[10, 20]
group_view=None
rec.evaluate.neg=0
test_batch_size=128
num_thread=8

MF's hyperparameters:
epochs=300
batch_size=512
embedding_size=64
reg_mf=0.0
learning_rate=0.001
learner=adam
num_negatives=1
is_pairwise=True
loss_function=bpr
init_method=normal
stddev=0.01
verbose=1

2020-06-16 18:11:00.074: metrics:	Precision@10	Precision@20	Recall@10   	Recall@20   	NDCG@10     	NDCG@20     	MAP@10      	MAP@20      	MRR@10      	MRR@20      
2020-06-16 18:15:05.007: [iter 1 : loss : 0.170746, time: 239.163697]
2020-06-16 18:15:11.848: *val epoch 1:	0.03972745  	0.03681771  	0.04249278  	0.07743596  	0.05079228  	0.06143440  	0.09217969  	0.09213030  	0.09859664  	0.10713524  
2020-06-16 18:15:18.773: test epoch 1:	0.06918478  	0.06397990  	0.03588163  	0.06619262  	0.07571105  	0.08167587  	0.14558026  	0.13963591  	0.15881969  	0.16868636  
2020-06-16 18:19:26.024: [iter 2 : loss : 0.086788, time: 247.249372]
2020-06-16 18:19:33.108: *val epoch 2:	0.03969458  	0.03667680  	0.04149577  	0.07568946  	0.05080718  	0.06106732  	0.09184278  	0.09107908  	0.09924330  	0.10753922  
2020-06-16 18:19:40.152: test epoch 2:	0.06869055  	0.06321662  	0.03574093  	0.06488372  	0.07513485  	0.08056801  	0.14363642  	0.13639654  	0.15803981  	0.16755764  
2020-06-16 18:23:39.964: [iter 3 : loss : 0.076464, time: 239.807418]
2020-06-16 18:23:46.803: *val epoch 3:	0.04080756  	0.03721870  	0.04082953  	0.07307766  	0.05055987  	0.05986910  	0.09238654  	0.09174292  	0.09969750  	0.10785411  
2020-06-16 18:23:54.031: test epoch 3:	0.06891018  	0.06296571  	0.03490242  	0.06268910  	0.07371519  	0.07865074  	0.14044434  	0.13523348  	0.15379851  	0.16335000  
2020-06-16 18:28:01.254: [iter 4 : loss : 0.068156, time: 247.212685]
2020-06-16 18:28:08.035: *val epoch 4:	0.03943461  	0.03728454  	0.03927286  	0.07351841  	0.04933057  	0.05989009  	0.09080742  	0.09125980  	0.09740003  	0.10634598  
2020-06-16 18:28:15.089: test epoch 4:	0.06702868  	0.06378944  	0.03313701  	0.06357408  	0.07290537  	0.07972087  	0.14277881  	0.13778579  	0.15665206  	0.16727933  
2020-06-16 18:32:14.609: [iter 5 : loss : 0.060409, time: 239.517786]
2020-06-16 18:32:21.301: *val epoch 5:	0.04229403  	0.03936476  	0.04283190  	0.07888193  	0.05327207  	0.06408657  	0.09590920  	0.09554895  	0.10423611  	0.11348584  
2020-06-16 18:32:28.551: test epoch 5:	0.07110629  	0.06628486  	0.03628807  	0.06720663  	0.07723884  	0.08352477  	0.14668386  	0.14171420  	0.16227719  	0.17301695  
2020-06-16 18:36:31.628: [iter 6 : loss : 0.054064, time: 243.073922]
2020-06-16 18:36:38.793: *val epoch 6:	0.04379119  	0.03965214  	0.04425595  	0.07769448  	0.05489066  	0.06435354  	0.10277621  	0.10127774  	0.11031389  	0.11874916  
2020-06-16 18:36:46.202: test epoch 6:	0.07408161  	0.06709185  	0.03802474  	0.06714314  	0.07989373  	0.08439521  	0.15610969  	0.14942227  	0.17029043  	0.17998460  
2020-06-16 18:40:48.772: [iter 7 : loss : 0.048765, time: 242.565144]
2020-06-16 18:40:55.410: *val epoch 7:	0.04339213  	0.03993050  	0.04273364  	0.07720272  	0.05522248  	0.06519115  	0.10441419  	0.10464448  	0.11158141  	0.12082013  
2020-06-16 18:41:02.413: test epoch 7:	0.07198421  	0.06623872  	0.03660947  	0.06608321  	0.08024360  	0.08511231  	0.16258974  	0.15520380  	0.17800412  	0.18835238  
