2020-06-16 18:50:51.808: Dataset name: ml-25m_3year
The number of users: 27318
The number of items: 46362
The number of ratings: 3924093
Average actions of users: 143.64
Average actions of items: 84.64
The sparsity of the dataset: 99.690167%
2020-06-16 18:50:51.808: 

NeuRec hyperparameters:
recommender=MF
config_dir=./conf
gpu_id=0
gpu_mem=0.5
data.input.path=dataset
data.input.dataset=ml-25m_3year
data.column.format=UIRT
data.convert.separator=,
user_min=0
item_min=0
splitter=given
ratio=0.8
by_time=False
metric=["Precision", "Recall", "NDCG", "MAP", "MRR"]
topk=[10, 20]
group_view=None
rec.evaluate.neg=0
test_batch_size=128
num_thread=8

MF's hyperparameters:
epochs=300
batch_size=512
embedding_size=64
reg_mf=1e-5
learning_rate=0.001
learner=adam
num_negatives=1
is_pairwise=True
loss_function=bpr
init_method=normal
stddev=0.01
verbose=1

2020-06-16 18:50:52.166: metrics:	Precision@10	Precision@20	Recall@10   	Recall@20   	NDCG@10     	NDCG@20     	MAP@10      	MAP@20      	MRR@10      	MRR@20      
2020-06-16 18:54:57.631: [iter 1 : loss : 0.170929, time: 239.186292]
2020-06-16 18:55:04.795: *val epoch 1:	0.03918571  	0.03567173  	0.04226094  	0.07480078  	0.05080887  	0.06046456  	0.09237369  	0.09242001  	0.09919826  	0.10761844  
2020-06-16 18:55:11.679: test epoch 1:	0.06816353  	0.06154905  	0.03597229  	0.06403235  	0.07590985  	0.08019026  	0.14777410  	0.14132774  	0.16122784  	0.17100170  
2020-06-16 18:59:02.986: [iter 2 : loss : 0.088072, time: 231.303976]
2020-06-16 18:59:10.254: *val epoch 2:	0.03881945  	0.03547951  	0.04057053  	0.07136899  	0.04918233  	0.05834334  	0.08923224  	0.08784980  	0.09548036  	0.10327163  
2020-06-16 18:59:16.980: test epoch 2:	0.06621260  	0.06075097  	0.03405478  	0.06133286  	0.07239443  	0.07723454  	0.13849194  	0.13220882  	0.15157926  	0.16103396  
2020-06-16 19:03:22.906: [iter 3 : loss : 0.077272, time: 245.920710]
2020-06-16 19:03:29.969: *val epoch 3:	0.03912709  	0.03567719  	0.03975922  	0.07025194  	0.05081949  	0.05949945  	0.09414763  	0.09328797  	0.10166955  	0.10990169  
2020-06-16 19:03:37.432: test epoch 3:	0.06684947  	0.06109133  	0.03366619  	0.06015035  	0.07475446  	0.07878151  	0.14651702  	0.13997082  	0.16199166  	0.17172728  
2020-06-16 19:07:37.874: [iter 4 : loss : 0.068992, time: 240.434896]
2020-06-16 19:07:44.677: *val epoch 4:	0.03947125  	0.03763620  	0.03960356  	0.07476596  	0.04929677  	0.06029039  	0.08819761  	0.08795118  	0.09637356  	0.10521431  
2020-06-16 19:07:51.965: test epoch 4:	0.06691539  	0.06383695  	0.03391586  	0.06366875  	0.07218106  	0.07909541  	0.13585545  	0.13062391  	0.15036482  	0.16044258  
2020-06-16 19:11:49.267: [iter 5 : loss : 0.060976, time: 237.295667]
2020-06-16 19:11:56.453: *val epoch 5:	0.04299693  	0.03891239  	0.04333335  	0.07761483  	0.05386474  	0.06351553  	0.09691209  	0.09592164  	0.10544907  	0.11401796  
2020-06-16 19:12:03.479: test epoch 5:	0.07150529  	0.06496089  	0.03648192  	0.06559099  	0.07768183  	0.08245252  	0.14840616  	0.14126125  	0.16419180  	0.17399479  
2020-06-16 19:16:06.660: [iter 6 : loss : 0.054273, time: 243.174695]
2020-06-16 19:16:13.482: *val epoch 6:	0.04213282  	0.03909376  	0.04094800  	0.07391573  	0.05340857  	0.06302417  	0.10012361  	0.09870219  	0.10844193  	0.11701583  
2020-06-16 19:16:20.406: test epoch 6:	0.06862804  	0.06418465  	0.03451390  	0.06219964  	0.07603431  	0.08126241  	0.15035918  	0.14282694  	0.16637287  	0.17603523  
2020-06-16 19:20:15.131: [iter 7 : loss : 0.049008, time: 234.722154]
2020-06-16 19:20:21.817: *val epoch 7:	0.04189478  	0.03869262  	0.04143094  	0.07410917  	0.05270894  	0.06220374  	0.09882270  	0.09790353  	0.10609628  	0.11486942  
2020-06-16 19:20:28.790: test epoch 7:	0.06880710  	0.06370901  	0.03491006  	0.06286062  	0.07560126  	0.08064127  	0.15005127  	0.14326116  	0.16482940  	0.17482096  
