2020-06-16 18:04:32.702: Dataset name: ml-25m_3year
The number of users: 27318
The number of items: 46362
The number of ratings: 3924093
Average actions of users: 143.64
Average actions of items: 84.64
The sparsity of the dataset: 99.690167%
2020-06-16 18:04:32.702: 

NeuRec hyperparameters:
recommender=MF
config_dir=./conf
gpu_id=0
gpu_mem=0.5
data.input.path=dataset
data.input.dataset=ml-25m_3year
data.column.format=UIRT
data.convert.separator=','
user_min=0
item_min=0
splitter=given
ratio=0.8
by_time=False
metric=["Precision", "Recall", "NDCG", "MAP", "MRR"]
topk=[10, 20]
group_view=None
rec.evaluate.neg=0
test_batch_size=128
num_thread=8

MF's hyperparameters:
epochs=300
batch_size=512
embedding_size=64
reg_mf=0.0
learning_rate=0.001
learner=adam
num_negatives=1
is_pairwise=True
loss_function=bpr
init_method=normal
stddev=0.01
verbose=1

2020-06-16 18:04:33.029: metrics:	Precision@10	Precision@20	Recall@10   	Recall@20   	NDCG@10     	NDCG@20     	MAP@10      	MAP@20      	MRR@10      	MRR@20      
2020-06-16 18:08:42.853: [iter 1 : loss : 0.170750, time: 243.886847]
2020-06-16 18:08:50.131: epoch 1:	0.03814223  	0.03527999  	0.04097332  	0.07316056  	0.04959639  	0.05933078  	0.08848217  	0.08924007  	0.09551109  	0.10395395  
2020-06-16 18:08:57.345: epoch 1:	0.06683880  	0.06137349  	0.03479076  	0.06230245  	0.07441413  	0.07918148  	0.14307660  	0.13777955  	0.15775087  	0.16791323  
